"../../../../../PROJECT/Unreal Projects/Rough_Operation_ground/MainGame/Content/AnimStarterPack/UE4_Mannequin/Mesh/UE4_Mannequin_Skeleton.uasset" 0
"../../../../../PROJECT/Unreal Projects/Rough_Operation_ground/MainGame/Content/AnimStarterPack/Aim_Space_Hip.uasset" 1
"../../../../../PROJECT/Unreal Projects/Rough_Operation_ground/MainGame/Content/AnimStarterPack/Aim_Space_Ironsights.uasset" 2
"../../../../../PROJECT/Unreal Projects/Rough_Operation_ground/MainGame/Content/AnimStarterPack/Crouch_to_Stand_Rifle_Hip.uasset" 3
"../../../../../PROJECT/Unreal Projects/Rough_Operation_ground/MainGame/Content/AnimStarterPack/Crouch_to_Stand_Rifle_Ironsights.uasset" 4
"../../../../../PROJECT/Unreal Projects/Rough_Operation_ground/MainGame/Content/AnimStarterPack/Crouch_Walk_Bwd_Rifle_Ironsights.uasset" 5
"../../../../../PROJECT/Unreal Projects/Rough_Operation_ground/MainGame/Content/AnimStarterPack/Crouch_Walk_Lt_Rifle_Ironsights.uasset" 6
"../../../../../PROJECT/Unreal Projects/Rough_Operation_ground/MainGame/Content/AnimStarterPack/Crouch_Walk_Rt_Rifle_Ironsights.uasset" 7
"../../../../../PROJECT/Unreal Projects/Rough_Operation_ground/MainGame/Content/AnimStarterPack/Death_2.uasset" 8
"../../../../../PROJECT/Unreal Projects/Rough_Operation_ground/MainGame/Content/AnimStarterPack/Death_3.uasset" 9
"../../../../../PROJECT/Unreal Projects/Rough_Operation_ground/MainGame/Content/AnimStarterPack/Death_Ironsights_1.uasset" 10
"../../../../../PROJECT/Unreal Projects/Rough_Operation_ground/MainGame/Content/AnimStarterPack/Death_Ironsights_2.uasset" 11
"../../../../../PROJECT/Unreal Projects/Rough_Operation_ground/MainGame/Content/AnimStarterPack/Equip_Rifle_Standing.uasset" 12
"../../../../../PROJECT/Unreal Projects/Rough_Operation_ground/MainGame/Content/AnimStarterPack/Fire_Rifle_Hip.uasset" 13
"../../../../../PROJECT/Unreal Projects/Rough_Operation_ground/MainGame/Content/AnimStarterPack/Fire_Shotgun_Hip.uasset" 14
"../../../../../PROJECT/Unreal Projects/Rough_Operation_ground/MainGame/Content/AnimStarterPack/Fire_Shotgun_Ironsights.uasset" 15
"../../../../../PROJECT/Unreal Projects/Rough_Operation_ground/MainGame/Content/AnimStarterPack/Hit_React_4.uasset" 16
"../../../../../PROJECT/Unreal Projects/Rough_Operation_ground/MainGame/Content/AnimStarterPack/Idle_Pistol.uasset" 17
"../../../../../PROJECT/Unreal Projects/Rough_Operation_ground/MainGame/Content/AnimStarterPack/Idle_Rifle_Ironsights.uasset" 18
"../../../../../PROJECT/Unreal Projects/Rough_Operation_ground/MainGame/Content/AnimStarterPack/Jump_From_Stand_Ironsights.uasset" 19
"../../../../../PROJECT/Unreal Projects/Rough_Operation_ground/MainGame/Content/AnimStarterPack/Prone_Death_1.uasset" 20
"../../../../../PROJECT/Unreal Projects/Rough_Operation_ground/MainGame/Content/AnimStarterPack/Prone_Death_2.uasset" 21
"../../../../../PROJECT/Unreal Projects/Rough_Operation_ground/MainGame/Content/AnimStarterPack/Prone_Fire_1.uasset" 22
"../../../../../PROJECT/Unreal Projects/Rough_Operation_ground/MainGame/Content/AnimStarterPack/Prone_Fire_2.uasset" 23
"../../../../../PROJECT/Unreal Projects/Rough_Operation_ground/MainGame/Content/AnimStarterPack/Prone_Idle.uasset" 24
"../../../../../PROJECT/Unreal Projects/Rough_Operation_ground/MainGame/Content/AnimStarterPack/Prone_Reload_Rifle.uasset" 25
"../../../../../PROJECT/Unreal Projects/Rough_Operation_ground/MainGame/Content/AnimStarterPack/Prone_Reload_Shotgun.uasset" 26
"../../../../../PROJECT/Unreal Projects/Rough_Operation_ground/MainGame/Content/AnimStarterPack/Prone_To_Stand.uasset" 27
"../../../../../PROJECT/Unreal Projects/Rough_Operation_ground/MainGame/Content/AnimStarterPack/Reload_Pistol.uasset" 28
"../../../../../PROJECT/Unreal Projects/Rough_Operation_ground/MainGame/Content/AnimStarterPack/Reload_Rifle_Ironsights.uasset" 29
"../../../../../PROJECT/Unreal Projects/Rough_Operation_ground/MainGame/Content/AnimStarterPack/Reload_Shotgun_Hip.uasset" 30
"../../../../../PROJECT/Unreal Projects/Rough_Operation_ground/MainGame/Content/AnimStarterPack/Reload_Shotgun_Ironsights.uasset" 31
"../../../../../PROJECT/Unreal Projects/Rough_Operation_ground/MainGame/Content/AnimStarterPack/Sprint_Fwd_Rifle.uasset" 32
"../../../../../PROJECT/Unreal Projects/Rough_Operation_ground/MainGame/Content/AnimStarterPack/Stand_to_Crouch_Rifle_Hip.uasset" 33
"../../../../../PROJECT/Unreal Projects/Rough_Operation_ground/MainGame/Content/AnimStarterPack/Stand_to_Crouch_Rifle_Ironsights.uasset" 34
"../../../../../PROJECT/Unreal Projects/Rough_Operation_ground/MainGame/Content/AnimStarterPack/Stand_To_Prone.uasset" 35
"../../../../../PROJECT/Unreal Projects/Rough_Operation_ground/MainGame/Content/AnimStarterPack/Walk_Bwd_Rifle_Ironsights.uasset" 36
"../../../../../PROJECT/Unreal Projects/Rough_Operation_ground/MainGame/Content/AnimStarterPack/Walk_Lt_Rifle_Ironsights.uasset" 37
"../../../../../PROJECT/Unreal Projects/Rough_Operation_ground/MainGame/Content/AnimStarterPack/Walk_Rt_Rifle_Ironsights.uasset" 38
"../../../Engine/Content/Animation/DefaultAnimCurveCompressionSettings.uasset" 39
"../../../Engine/Content/Functions/Engine_MaterialFunctions01/Opacity/CameraDepthFade.uasset" 40
"../../../Engine/Content/EngineMaterials/T_Default_Material_Grid_M.uasset" 41
"../../../Engine/Content/EngineMaterials/T_Default_Material_Grid_N.uasset" 42
"../../../Engine/Content/EngineMaterials/WorldGridMaterial.uasset" 43
"../../../Engine/Content/ArtTools/RenderToTexture/Meshes/S_1_Unit_Plane.uasset" 44
"../../../Engine/Content/EngineMaterials/DefaultMaterial.uasset" 45
"../../../Engine/Content/BasicShapes/Cone.uasset" 46
"../../../Engine/Content/BasicShapes/Cube.uasset" 47
"../../../Engine/Content/BasicShapes/Cylinder.uasset" 48
"../../../Engine/Content/BasicShapes/Plane.uasset" 49
"../../../Engine/Content/BasicShapes/Sphere.uasset" 50
"../../../Engine/Content/EditorLandscapeResources/DataLayer.uasset" 51
"../../../Engine/Content/EditorMaterials/GizmoMaterial.uasset" 52
"../../../Engine/Content/EditorMaterials/MAT_Groups_Toggle.uasset" 53
"../../../Engine/Content/EditorMaterials/MAT_Groups_Visibility.uasset" 54
"../../../Engine/Content/EditorMaterials/PreviewShadowIndicator.uasset" 55
"../../../Engine/Content/EditorMaterials/PreviewShadowIndicatorMaterial.uasset" 56
"../../../Engine/Content/EditorMaterials/MatineeGroups/MAT_ColorTrack.uasset" 57
"../../../Engine/Content/EditorMaterials/MatineeGroups/MAT_Groups_Anim.uasset" 58
"../../../Engine/Content/EditorMaterials/MatineeGroups/MAT_Groups_AudioMaster.uasset" 59
"../../../Engine/Content/EditorMaterials/MatineeGroups/MAT_Groups_Director.uasset" 60
"../../../Engine/Content/EditorMaterials/MatineeGroups/MAT_Groups_Event.uasset" 61
"../../../Engine/Content/EditorMaterials/MatineeGroups/MAT_Groups_Fade.uasset" 62
"../../../Engine/Content/EditorMaterials/MatineeGroups/MAT_Groups_Float.uasset" 63
"../../../Engine/Content/EditorMaterials/MatineeGroups/MAT_Groups_Move.uasset" 64
"../../../Engine/Content/EditorMaterials/MatineeGroups/MAT_Groups_Slomo.uasset" 65
"../../../Engine/Content/EditorMaterials/MatineeGroups/MAT_Groups_Sound.uasset" 66
"../../../Engine/Content/EditorMaterials/MatineeGroups/MAT_Groups_Vector.uasset" 67
"../../../Engine/Content/EditorMaterials/ParticleSystems/PSysThumbnail_NoImage.uasset" 68
"../../../Engine/Content/EditorMaterials/ParticleSystems/PSysThumbnail_OOD.uasset" 69
"../../../Engine/Content/EditorMaterials/Camera/CineMat.uasset" 70
"../../../Engine/Content/EditorMaterials/Camera/MI_CineMat_Rig.uasset" 71
"../../../Engine/Content/EditorMeshes/Camera/SM_CraneRig_Arm.uasset" 72
"../../../Engine/Content/EditorMeshes/Camera/SM_CraneRig_Base.uasset" 73
"../../../Engine/Content/EditorMeshes/Camera/SM_CraneRig_Body.uasset" 74
"../../../Engine/Content/EditorMeshes/Camera/SM_CraneRig_Mount.uasset" 75
"../../../Engine/Content/EditorMeshes/Camera/SM_RailRig_Mount.uasset" 76
"../../../Engine/Content/EditorMeshes/Camera/SM_RailRig_Track.uasset" 77
"../../../Engine/Content/EditorResources/BSPVertex.uasset" 78
"../../../Engine/Content/EditorResources/EmptyActor.uasset" 79
"../../../Engine/Content/EditorResources/S_Actor.uasset" 80
"../../../Engine/Content/EditorResources/S_Note.uasset" 81
"../../../Engine/Content/EditorResources/S_Solver.uasset" 82
"../../../Engine/Content/EditorResources/S_Trigger.uasset" 83
"../../../Engine/Content/EditorResources/LightIcons/S_LightError.uasset" 84
"../../../Engine/Content/EditorResources/SequenceRecorder/Countdown.uasset" 85
"../../../Engine/Content/EditorResources/SequenceRecorder/RecordingIndicator.uasset" 86
"../../../Engine/Content/EditorSounds/Notifications/CompileFailed.uasset" 87
"../../../Engine/Content/EditorSounds/Notifications/CompileFailed_Cue.uasset" 88
"../../../Engine/Content/EditorSounds/Notifications/CompileSuccess.uasset" 89
"../../../Engine/Content/EditorSounds/Notifications/CompileStart_Cue.uasset" 90
"../../../Engine/Content/EditorSounds/Notifications/CompileSuccess_Cue.uasset" 91
"../../../Engine/Content/EngineDamageTypes/DmgTypeBP_Environmental.uasset" 92
"../../../Engine/Content/EngineDebugMaterials/HeatmapGradient.uasset" 93
"../../../Engine/Content/EngineDebugMaterials/BoneWeightMaterial.uasset" 94
"../../../Engine/Content/EngineDebugMaterials/ClothMaterial.uasset" 95
"../../../Engine/Content/EngineDebugMaterials/ClothMaterial_WF.uasset" 96
"../../../Engine/Content/EngineDebugMaterials/DebugEditorMaterial.uasset" 97
"../../../Engine/Content/EngineDebugMaterials/DebugMeshMaterial.uasset" 98
"../../../Engine/Content/EngineDebugMaterials/GeomMaterial.uasset" 99
"../../../Engine/Content/EngineDebugMaterials/M_SimpleTranslucent.uasset" 100
"../../../Engine/Content/Functions/Engine_MaterialFunctions02/Utility/CameraDirectionVector.uasset" 101
"../../../Engine/Content/EngineDebugMaterials/VolumeToRender.uasset" 102
"../../../Engine/Content/EngineDebugMaterials/M_VolumeRenderSphereTracePP.uasset" 103
"../../../Engine/Content/EngineDebugMaterials/WireframeMaterial.uasset" 104
"../../../Engine/Content/EngineFonts/Faces/RobotoBold.uasset" 105
"../../../Engine/Content/EngineFonts/Faces/RobotoBoldItalic.uasset" 106
"../../../Engine/Content/EngineFonts/Faces/RobotoItalic.uasset" 107
"../../../Engine/Content/EngineFonts/Faces/RobotoLight.uasset" 108
"../../../Engine/Content/EngineFonts/Faces/RobotoRegular.uasset" 109
"../../../Engine/Content/EngineFonts/Roboto.uasset" 110
"../../../Engine/Content/EngineMaterials/BaseFlattenDiffuseMap.uasset" 111
"../../../Engine/Content/EngineMaterials/BaseFlattenEmissiveMap.uasset" 112
"../../../Engine/Content/EngineMaterials/BaseFlattenGrayscaleMap.uasset" 113
"../../../Engine/Content/EngineMaterials/BaseFlattenNormalMap.uasset" 114
"../../../Engine/Content/EngineMaterials/BaseFlattenMaterial.uasset" 115
"../../../Engine/Content/EngineMaterials/BlueNoise.uasset" 116
"../../../Engine/Content/EngineMaterials/DefaultBloomKernel.uasset" 117
"../../../Engine/Content/EngineMaterials/DefaultBokeh.uasset" 118
"../../../Engine/Content/EngineMaterials/DefaultDiffuse.uasset" 119
"../../../Engine/Content/EngineMaterials/DefaultDeferredDecalMaterial.uasset" 120
"../../../Engine/Content/EngineMaterials/DefaultLightFunctionMaterial.uasset" 121
"../../../Engine/Content/EngineMaterials/DefaultPhysicalMaterial.uasset" 122
"../../../Engine/Content/Functions/Engine_MaterialFunctions02/Utility/BreakOutFloat2Components.uasset" 123
"../../../Engine/Content/EngineMaterials/DefaultPostProcessMaterial.uasset" 124
"../../../Engine/Content/EngineFonts/RobotoDistanceField.uasset" 125
"../../../Engine/Content/EngineMaterials/DefaultTextMaterialOpaque.uasset" 126
"../../../Engine/Content/EngineMaterials/DefaultVirtualTextureMaterial.uasset" 127
"../../../Engine/Content/EngineMaterials/DefaultWhiteGrid.uasset" 128
"../../../Engine/Content/EngineMaterials/EditorBrushMaterial.uasset" 129
"../../../Engine/Content/EngineMaterials/DefaultWhiteGrid_Low.uasset" 130
"../../../Engine/Content/EngineMaterials/EmissiveMeshMaterial.uasset" 131
"../../../Engine/Content/EngineMaterials/Good64x64TilingNoiseHighFreq.uasset" 132
"../../../Engine/Content/EngineMaterials/MiniFont.uasset" 133
"../../../Engine/Content/EngineMaterials/InvalidLightmapSettings.uasset" 134
"../../../Engine/Content/EngineMaterials/M_InvalidLightmapSettings.uasset" 135
"../../../Engine/Content/Functions/Engine_MaterialFunctions02/WorldPositionOffset/CameraOffset.uasset" 136
"../../../Engine/Content/EngineMaterials/PhAT_JointLimitMaterial.uasset" 137
"../../../Engine/Content/EngineMaterials/PreintegratedSkinBRDF.uasset" 138
"../../../Engine/Content/EngineMaterials/RemoveSurfaceMaterial.uasset" 139
"../../../Engine/Content/EngineMaterials/WeightMapPlaceholderTexture.uasset" 140
"../../../Engine/Content/EngineResources/WhiteSquareTexture.uasset" 141
"../../../Engine/Content/EngineMaterials/Widget3DPassThrough.uasset" 142
"../../../Engine/Content/EngineMaterials/Widget3DPassThrough_Masked.uasset" 143
"../../../Engine/Content/EngineMaterials/Widget3DPassThrough_Opaque.uasset" 144
"../../../Engine/Content/EngineMaterials/Widget3DPassThrough_Masked_OneSided.uasset" 145
"../../../Engine/Content/EngineMaterials/Widget3DPassThrough_Opaque_OneSided.uasset" 146
"../../../Engine/Content/EngineMaterials/Widget3DPassThrough_Translucent.uasset" 147
"../../../Engine/Content/EngineMaterials/Widget3DPassThrough_Translucent_OneSided.uasset" 148
"../../../Engine/Content/EngineMeshes/Cylinder.uasset" 149
"../../../Engine/Content/EngineMeshes/Sphere.uasset" 150
"../../../Engine/Content/EngineResources/Black.uasset" 151
"../../../Engine/Content/EngineResources/DefaultTexture.uasset" 152
"../../../Engine/Content/EngineResources/DefaultTextureCube.uasset" 153
"../../../Engine/Content/EngineResources/DefaultVolumeTexture2D.uasset" 154
"../../../Engine/Content/EngineResources/DefaultVolumeTexture.uasset" 155
"../../../Engine/Content/EngineResources/GradientTexture0.uasset" 156
"../../../Engine/Content/EngineSounds/Master.uasset" 157
"../../../Engine/Content/Functions/Engine_MaterialFunctions01/Shading/ConvertFromDiffSpec.uasset" 158
"../../../Engine/Content/Functions/Engine_MaterialFunctions01/Shading/PowerToRoughness.uasset" 159
"../../../Engine/Content/Maps/Templates/Thumbnails/Default.uasset" 160
"../../../Engine/Content/Maps/Templates/Thumbnails/VR-Basic.uasset" 161
"../../../Engine/Content/MobileResources/T_MobileControls_texture.uasset" 162
"../../../Engine/Content/MobileResources/T_MobileMenu2.uasset" 163
"../../../Engine/Content/MobileResources/HUD/AnalogHat.uasset" 164
"../../../Engine/Content/MobileResources/HUD/VirtualJoystick_Background.uasset" 165
"../../../Engine/Content/MobileResources/HUD/VirtualJoystick_Thumb.uasset" 166
"../../../Engine/Content/MobileResources/HUD/DefaultVirtualJoysticks.uasset" 167
"../../../Engine/Content/MobileResources/HUD/LeftVirtualJoystickOnly.uasset" 168
"../../../Engine/Content/MobileResources/HUD/MobileHUDButton1_off.uasset" 169
"../../../Engine/Content/MobileResources/HUD/MobileHUDButton1_on.uasset" 170
"../../../Engine/Content/MobileResources/HUD/MobileHUDButton2_off.uasset" 171
"../../../Engine/Content/MobileResources/HUD/MobileHUDButton2_on.uasset" 172
"../../../Engine/Content/MobileResources/HUD/MobileHUDButton3.uasset" 173
"../../../Engine/Content/MobileResources/HUD/MobileHUDButtonFire.uasset" 174
"../../../Engine/Content/MobileResources/HUD/MobileHUDDirectionPad.uasset" 175
"../../../Engine/Content/MobileResources/HUD/MobileHUDDirectionPad2.uasset" 176
"../../../Engine/Content/MobileResources/HUD/MobileHUDDirectionPad3.uasset" 177
"../../../Engine/Content/MobileResources/HUD/MobileHUDDirectionStick.uasset" 178
"../../../Engine/Content/MobileResources/HUD/T_Castle_ThumbstickInner.uasset" 179
"../../../Engine/Content/MobileResources/HUD/T_Castle_ThumbstickOutter.uasset" 180
"../../../Engine/Content/Tutorial/ContentIntroCurve.uasset" 181
"../../../Engine/Content/Tutorial/Basics/LevelEditorAttract.uasset" 182
"../../../Engine/Content/VREditor/LaserPointer/VR_LaserPower_01.uasset" 183
"../../../Engine/Content/VREditor/TransformGizmo/TransformGizmoMaterial.uasset" 184
"../../../Engine/Content/VREditor/TransformGizmo/TranslucentTransformGizmoMaterial.uasset" 185
"../../../Engine/Content/VREditor/TransformGizmo/BoundingBoxCorner.uasset" 186
"../../../Engine/Content/VREditor/TransformGizmo/BoundingBoxEdge.uasset" 187
"../../../Engine/Content/VREditor/TransformGizmo/PlaneTranslationHandle.uasset" 188
"../../../Engine/Content/VREditor/TransformGizmo/Main.uasset" 189
"../../../Engine/Content/VREditor/TransformGizmo/Xray.uasset" 190
"../../../Engine/Content/VREditor/TransformGizmo/SM_Sequencer_Key.uasset" 191
"../../../Engine/Content/VREditor/TransformGizmo/SM_Sequencer_Node.uasset" 192
"../../Plugins/2D/Paper2D/Content/PlaceholderTextures/DummySpriteTexture.uasset" 193
"../../Plugins/2D/Paper2D/Content/DummySprite.uasset" 194
"../../Plugins/2D/Paper2D/Content/DefaultPaperTerrainMaterial.uasset" 195
"../../Plugins/2D/Paper2D/Content/DummySpriteTexture.uasset" 196
"../../Plugins/2D/Paper2D/Content/DefaultSpriteMaterial.uasset" 197
"../../Plugins/2D/Paper2D/Content/MaskedUnlitSpriteMaterial.uasset" 198
"../../Plugins/2D/Paper2D/Content/OpaqueUnlitSpriteMaterial.uasset" 199
"../../Plugins/Runtime/Oculus/OculusVR/Content/OculusMR_RenderTarget.uasset" 200
"../../../Engine/Content/Functions/Engine_MaterialFunctions02/Utility/BreakOutFloat4Components.uasset" 201
"../../../Engine/Content/Functions/Engine_MaterialFunctions02/Utility/MakeFloat2.uasset" 202
"../../../Engine/Content/Functions/Engine_MaterialFunctions02/Utility/MakeFloat3.uasset" 203
"../../Plugins/Runtime/Oculus/OculusVR/Content/Materials/OculusMR_ChromaKey.uasset" 204
"../../Plugins/Runtime/Oculus/OculusVR/Content/Materials/OculusMR_ChromaKey_Lit.uasset" 205
"../../Plugins/Runtime/Oculus/OculusVR/Content/Materials/OculusMR_OpaqueColoredMaterial.uasset" 206
"../../Plugins/Runtime/Oculus/OculusVR/Content/Materials/OculusMR_WhiteMaterial.uasset" 207
"../../../../../PROJECT/Unreal Projects/Rough_Operation_ground/MainGame/Content/AnimStarterPack/Crouch_Idle_Rifle_Hip.uasset" 208
"../../../../../PROJECT/Unreal Projects/Rough_Operation_ground/MainGame/Content/AnimStarterPack/Crouch_Idle_Rifle_Ironsights.uasset" 209
"../../../../../PROJECT/Unreal Projects/Rough_Operation_ground/MainGame/Content/AnimStarterPack/Crouch_Walk_Fwd_Rifle_Ironsights.uasset" 210
"../../../../../PROJECT/Unreal Projects/Rough_Operation_ground/MainGame/Content/AnimStarterPack/Equip_Pistol_Standing.uasset" 211
"../../../../../PROJECT/Unreal Projects/Rough_Operation_ground/MainGame/Content/AnimStarterPack/Fire_Rifle_Ironsights.uasset" 212
"../../../../../PROJECT/Unreal Projects/Rough_Operation_ground/MainGame/Content/AnimStarterPack/Hit_React_1.uasset" 213
"../../../../../PROJECT/Unreal Projects/Rough_Operation_ground/MainGame/Content/AnimStarterPack/Hit_React_2.uasset" 214
"../../../../../PROJECT/Unreal Projects/Rough_Operation_ground/MainGame/Content/AnimStarterPack/Hit_React_3.uasset" 215
"../../../../../PROJECT/Unreal Projects/Rough_Operation_ground/MainGame/Content/AnimStarterPack/Idle_Rifle_Hip_Break1.uasset" 216
"../../../../../PROJECT/Unreal Projects/Rough_Operation_ground/MainGame/Content/AnimStarterPack/Idle_Rifle_Hip_Break2.uasset" 217
"../../../../../PROJECT/Unreal Projects/Rough_Operation_ground/MainGame/Content/AnimStarterPack/Reload_Rifle_Hip.uasset" 218
"../../../../../PROJECT/Unreal Projects/Rough_Operation_ground/MainGame/Content/AnimStarterPack/Walk_Fwd_Rifle_Ironsights.uasset" 219
"../../../Engine/Content/EditorBlueprintResources/StandardMacros.uasset" 220
"../../../Engine/Content/EngineSky/C_Sky_Cloud_Color.uasset" 221
"../../../Engine/Content/EngineSky/C_Sky_Horizon_Color.uasset" 222
"../../../Engine/Content/EngineSky/C_Sky_Zenith_Color.uasset" 223
"../../../Engine/Content/EngineSky/T_Sky_Blue.uasset" 224
"../../../Engine/Content/EngineSky/T_Sky_Clouds_M.uasset" 225
"../../../Engine/Content/EngineSky/T_Sky_Stars.uasset" 226
"../../../Engine/Content/EngineSky/M_Sky_Panning_Clouds2.uasset" 227
"../../../Engine/Content/EngineSky/SM_SkySphere.uasset" 228
"../../../Engine/Content/EngineSky/BP_Sky_Sphere.uasset" 229
"../../../Engine/Content/TemplateResources/M_Template_Master.uasset" 230
"../../../Engine/Content/TemplateResources/MI_Template_BaseGray_03_Metal.uasset" 231
"../../../Engine/Content/Functions/Engine_MaterialFunctions02/Utility/BlendAngleCorrectedNormals.uasset" 232
"../../../Engine/Content/Functions/MaterialLayerFunctions/MatLayerBlend_AO.uasset" 233
"../../../Engine/Content/Functions/MaterialLayerFunctions/MatLayerBlend_NormalBlend.uasset" 234
"../../../Engine/Content/Functions/MaterialLayerFunctions/MatLayerBlend_Simple.uasset" 235
"../../../../../PROJECT/Unreal Projects/Rough_Operation_ground/MainGame/Content/AnimStarterPack/UE4_Mannequin/Materials/MaterialLayers/T_ML_Rubber_Blue_01_D.uasset" 236
"../../../../../PROJECT/Unreal Projects/Rough_Operation_ground/MainGame/Content/AnimStarterPack/UE4_Mannequin/Materials/MaterialLayers/T_ML_Rubber_Blue_01_N.uasset" 237
"../../../../../PROJECT/Unreal Projects/Rough_Operation_ground/MainGame/Content/AnimStarterPack/UE4_Mannequin/Materials/MaterialLayers/ML_GlossyBlack_Latex_UE4.uasset" 238
"../../../../../PROJECT/Unreal Projects/Rough_Operation_ground/MainGame/Content/AnimStarterPack/UE4_Mannequin/Materials/MaterialLayers/ML_Plastic_Shiny_Beige.uasset" 239
"../../../../../PROJECT/Unreal Projects/Rough_Operation_ground/MainGame/Content/AnimStarterPack/UE4_Mannequin/Textures/UE4_LOGO_CARD.uasset" 240
"../../../../../PROJECT/Unreal Projects/Rough_Operation_ground/MainGame/Content/AnimStarterPack/UE4_Mannequin/Materials/MaterialLayers/ML_Plastic_Shiny_Beige_LOGO.uasset" 241
"../../../../../PROJECT/Unreal Projects/Rough_Operation_ground/MainGame/Content/AnimStarterPack/UE4_Mannequin/Materials/MaterialLayers/T_ML_Aluminum01.uasset" 242
"../../../../../PROJECT/Unreal Projects/Rough_Operation_ground/MainGame/Content/AnimStarterPack/UE4_Mannequin/Materials/MaterialLayers/T_ML_Aluminum01_N.uasset" 243
"../../../../../PROJECT/Unreal Projects/Rough_Operation_ground/MainGame/Content/AnimStarterPack/UE4_Mannequin/Materials/MaterialLayers/ML_SoftMetal_UE4.uasset" 244
"../../../../../PROJECT/Unreal Projects/Rough_Operation_ground/MainGame/Content/AnimStarterPack/UE4_Mannequin/Textures/UE4_Mannequin__normals.uasset" 245
"../../../../../PROJECT/Unreal Projects/Rough_Operation_ground/MainGame/Content/AnimStarterPack/UE4_Mannequin/Textures/UE4_Mannequin_MAT_MASKA.uasset" 246
"../../../../../PROJECT/Unreal Projects/Rough_Operation_ground/MainGame/Content/AnimStarterPack/UE4_Mannequin/Textures/UE4_Mannequin_occlusion_Mobile.uasset" 247
"../../../../../PROJECT/Unreal Projects/Rough_Operation_ground/MainGame/Content/AnimStarterPack/UE4_Mannequin/Materials/M_UE4Man_Body.uasset" 248
"../../../../../PROJECT/Unreal Projects/Rough_Operation_ground/MainGame/Content/AnimStarterPack/UE4_Mannequin/Textures/UE4Man_Logo_N.uasset" 249
"../../../../../PROJECT/Unreal Projects/Rough_Operation_ground/MainGame/Content/AnimStarterPack/UE4_Mannequin/Materials/M_UE4Man_ChestLogo.uasset" 250
"../../../../../PROJECT/Unreal Projects/Rough_Operation_ground/MainGame/Content/AnimStarterPack/UE4_Mannequin/Mesh/SK_Mannequin_PhysicsAsset.uasset" 251
"../../../../../PROJECT/Unreal Projects/Rough_Operation_ground/MainGame/Content/AnimStarterPack/UE4_Mannequin/Mesh/SK_Mannequin.uasset" 252
"../../../../../PROJECT/Unreal Projects/Rough_Operation_ground/MainGame/Content/AnimStarterPack/Showcase.umap" 253
"../../../../../PROJECT/Unreal Projects/Rough_Operation_ground/MainGame/Content/Levels/BaseMap_BuiltData.uasset" 254
"../../../Engine/Content/MapTemplates/SM_Template_Map_Floor.uasset" 255
"../../../../../PROJECT/Unreal Projects/Rough_Operation_ground/MainGame/Content/Levels/BaseMap.umap" 256
"../../../Engine/Content/Maps/Entry_BuiltData.uasset" 257
"../../../Engine/Content/Maps/Entry.umap" 258
