"../../../../../PROJECT/Unreal Projects/Rough_Operation_ground/MainGame/Content/AnimStarterPack/UE4_Mannequin/Mesh/UE4_Mannequin_Skeleton.uasset" 0
"../../../../../PROJECT/Unreal Projects/Rough_Operation_ground/MainGame/Content/AnimStarterPack/Idle_Rifle_Ironsights.uasset" 1
"../../../../../PROJECT/Unreal Projects/Rough_Operation_ground/MainGame/Content/AnimStarterPack/Jog_Lt_Rifle.uasset" 2
"../../../../../PROJECT/Unreal Projects/Rough_Operation_ground/MainGame/Content/AnimStarterPack/Jog_Rt_Rifle.uasset" 3
"../../../../../PROJECT/Unreal Projects/Rough_Operation_ground/MainGame/Content/AnimStarterPack/Sprint_Fwd_Rifle.uasset" 4
"../../../../../PROJECT/Unreal Projects/Rough_Operation_ground/MainGame/Content/AnimStarterPack/Walk_Fwd_Rifle_Ironsights.uasset" 5
"../../../../../PROJECT/Unreal Projects/Rough_Operation_ground/MainGame/Content/AnimStarterPack/Walk_Lt_Rifle_Ironsights.uasset" 6
"../../../../../PROJECT/Unreal Projects/Rough_Operation_ground/MainGame/Content/AnimStarterPack/Walk_Rt_Rifle_Ironsights.uasset" 7
"../../../../../PROJECT/Unreal Projects/Rough_Operation_ground/MainGame/Content/Animations/Blendspaces/BaseMovement.uasset" 8
"../../../../../PROJECT/Unreal Projects/Rough_Operation_ground/MainGame/Content/AnimStarterPack/Aim_Space_Hip.uasset" 9
"../../../../../PROJECT/Unreal Projects/Rough_Operation_ground/MainGame/Content/AnimStarterPack/Aim_Space_Ironsights.uasset" 10
"../../../../../PROJECT/Unreal Projects/Rough_Operation_ground/MainGame/Content/AnimStarterPack/Crouch_to_Stand_Rifle_Hip.uasset" 11
"../../../../../PROJECT/Unreal Projects/Rough_Operation_ground/MainGame/Content/AnimStarterPack/Crouch_to_Stand_Rifle_Ironsights.uasset" 12
"../../../../../PROJECT/Unreal Projects/Rough_Operation_ground/MainGame/Content/AnimStarterPack/Crouch_Walk_Bwd_Rifle_Ironsights.uasset" 13
"../../../../../PROJECT/Unreal Projects/Rough_Operation_ground/MainGame/Content/AnimStarterPack/Crouch_Walk_Lt_Rifle_Ironsights.uasset" 14
"../../../../../PROJECT/Unreal Projects/Rough_Operation_ground/MainGame/Content/AnimStarterPack/Crouch_Walk_Rt_Rifle_Ironsights.uasset" 15
"../../../../../PROJECT/Unreal Projects/Rough_Operation_ground/MainGame/Content/AnimStarterPack/Death_2.uasset" 16
"../../../../../PROJECT/Unreal Projects/Rough_Operation_ground/MainGame/Content/AnimStarterPack/Death_3.uasset" 17
"../../../../../PROJECT/Unreal Projects/Rough_Operation_ground/MainGame/Content/AnimStarterPack/Death_Ironsights_1.uasset" 18
"../../../../../PROJECT/Unreal Projects/Rough_Operation_ground/MainGame/Content/AnimStarterPack/Death_Ironsights_2.uasset" 19
"../../../../../PROJECT/Unreal Projects/Rough_Operation_ground/MainGame/Content/AnimStarterPack/Equip_Rifle_Standing.uasset" 20
"../../../../../PROJECT/Unreal Projects/Rough_Operation_ground/MainGame/Content/AnimStarterPack/Fire_Rifle_Hip.uasset" 21
"../../../../../PROJECT/Unreal Projects/Rough_Operation_ground/MainGame/Content/AnimStarterPack/Fire_Shotgun_Hip.uasset" 22
"../../../../../PROJECT/Unreal Projects/Rough_Operation_ground/MainGame/Content/AnimStarterPack/Fire_Shotgun_Ironsights.uasset" 23
"../../../../../PROJECT/Unreal Projects/Rough_Operation_ground/MainGame/Content/AnimStarterPack/Hit_React_4.uasset" 24
"../../../../../PROJECT/Unreal Projects/Rough_Operation_ground/MainGame/Content/AnimStarterPack/Idle_Pistol.uasset" 25
"../../../../../PROJECT/Unreal Projects/Rough_Operation_ground/MainGame/Content/AnimStarterPack/Jump_From_Stand_Ironsights.uasset" 26
"../../../../../PROJECT/Unreal Projects/Rough_Operation_ground/MainGame/Content/AnimStarterPack/Prone_Death_1.uasset" 27
"../../../../../PROJECT/Unreal Projects/Rough_Operation_ground/MainGame/Content/AnimStarterPack/Prone_Death_2.uasset" 28
"../../../../../PROJECT/Unreal Projects/Rough_Operation_ground/MainGame/Content/AnimStarterPack/Prone_Fire_1.uasset" 29
"../../../../../PROJECT/Unreal Projects/Rough_Operation_ground/MainGame/Content/AnimStarterPack/Prone_Fire_2.uasset" 30
"../../../../../PROJECT/Unreal Projects/Rough_Operation_ground/MainGame/Content/AnimStarterPack/Prone_Idle.uasset" 31
"../../../../../PROJECT/Unreal Projects/Rough_Operation_ground/MainGame/Content/AnimStarterPack/Prone_Reload_Rifle.uasset" 32
"../../../../../PROJECT/Unreal Projects/Rough_Operation_ground/MainGame/Content/AnimStarterPack/Prone_Reload_Shotgun.uasset" 33
"../../../../../PROJECT/Unreal Projects/Rough_Operation_ground/MainGame/Content/AnimStarterPack/Prone_To_Stand.uasset" 34
"../../../../../PROJECT/Unreal Projects/Rough_Operation_ground/MainGame/Content/AnimStarterPack/Reload_Pistol.uasset" 35
"../../../../../PROJECT/Unreal Projects/Rough_Operation_ground/MainGame/Content/AnimStarterPack/Reload_Rifle_Ironsights.uasset" 36
"../../../../../PROJECT/Unreal Projects/Rough_Operation_ground/MainGame/Content/AnimStarterPack/Reload_Shotgun_Hip.uasset" 37
"../../../../../PROJECT/Unreal Projects/Rough_Operation_ground/MainGame/Content/AnimStarterPack/Reload_Shotgun_Ironsights.uasset" 38
"../../../../../PROJECT/Unreal Projects/Rough_Operation_ground/MainGame/Content/AnimStarterPack/Stand_to_Crouch_Rifle_Hip.uasset" 39
"../../../../../PROJECT/Unreal Projects/Rough_Operation_ground/MainGame/Content/AnimStarterPack/Stand_to_Crouch_Rifle_Ironsights.uasset" 40
"../../../../../PROJECT/Unreal Projects/Rough_Operation_ground/MainGame/Content/AnimStarterPack/Stand_To_Prone.uasset" 41
"../../../../../PROJECT/Unreal Projects/Rough_Operation_ground/MainGame/Content/AnimStarterPack/Walk_Bwd_Rifle_Ironsights.uasset" 42
"../../../Engine/Content/Functions/Engine_MaterialFunctions01/SpeedTree/SpeedTreeColorVariation.uasset" 43
"../../../Engine/Content/Functions/Engine_MaterialFunctions01/WorldPositionOffset/SimpleGrassWind.uasset" 44
"../../../Engine/Content/Functions/Engine_MaterialFunctions02/Math/MultiplyAdd.uasset" 45
"../../../Engine/Content/Functions/Engine_MaterialFunctions02/Utility/MakeFloat2.uasset" 46
"../../../Engine/Content/EngineMaterials/DefaultDiffuse.uasset" 47
"../../../Engine/Content/EngineMaterials/DefaultNormal.uasset" 48
"../../../Engine/Content/EngineMaterials/DefaultWhiteGrid.uasset" 49
"../../../../../PROJECT/Unreal Projects/Rough_Operation_ground/MainGame/Content/Megascans/Master_Materials/Atlas_MasterMaterial.uasset" 50
"../../../Engine/Content/EngineMaterials/BlendFunc_DefBase.uasset" 51
"../../../Engine/Content/EngineMaterials/BlendFunc_DefBlend.uasset" 52
"../../../Engine/Content/Functions/Engine_MaterialFunctions03/Blends/Blend_Overlay.uasset" 53
"../../../../../PROJECT/Unreal Projects/Rough_Operation_ground/MainGame/Content/Megascans/Master_Materials/BrushDecal_MasterMaterial.uasset" 54
"../../../../../PROJECT/Unreal Projects/Rough_Operation_ground/MainGame/Content/Megascans/Master_Materials/ChannelPackingSample.uasset" 55
"../../../../../PROJECT/Unreal Projects/Rough_Operation_ground/MainGame/Content/Megascans/Master_Materials/Decal_MasterMaterial.uasset" 56
"../../../../../PROJECT/Unreal Projects/Rough_Operation_ground/MainGame/Content/Megascans/Master_Materials/Displacement_MasterMaterial.uasset" 57
"../../../../../PROJECT/Unreal Projects/Rough_Operation_ground/MainGame/Content/Megascans/Master_Materials/Foliage_MasterMaterial.uasset" 58
"../../../../../PROJECT/Unreal Projects/Rough_Operation_ground/MainGame/Content/Megascans/Master_Materials/Imperfection_MasterMaterial.uasset" 59
"../../../Engine/Content/Functions/Engine_MaterialFunctions01/AlphaBlend/WorldAlignedBlend.uasset" 60
"../../../Engine/Content/Functions/Engine_MaterialFunctions01/Shading/FuzzyShading.uasset" 61
"../../../Engine/Content/Functions/Engine_MaterialFunctions02/Utility/VectorLength.uasset" 62
"../../../../../PROJECT/Unreal Projects/Rough_Operation_ground/MainGame/Content/Megascans/Master_Materials/noise_mask.uasset" 63
"../../../../../PROJECT/Unreal Projects/Rough_Operation_ground/MainGame/Content/Megascans/Master_Materials/noise_normal.uasset" 64
"../../../../../PROJECT/Unreal Projects/Rough_Operation_ground/MainGame/Content/Megascans/Master_Materials/SurfaceBlend_MasterMaterial.uasset" 65
"../../../Engine/Content/Animation/DefaultAnimCurveCompressionSettings.uasset" 66
"../../../Engine/Content/Functions/Engine_MaterialFunctions01/Opacity/CameraDepthFade.uasset" 67
"../../../Engine/Content/EngineMaterials/T_Default_Material_Grid_M.uasset" 68
"../../../Engine/Content/EngineMaterials/T_Default_Material_Grid_N.uasset" 69
"../../../Engine/Content/EngineMaterials/WorldGridMaterial.uasset" 70
"../../../Engine/Content/ArtTools/RenderToTexture/Meshes/S_1_Unit_Plane.uasset" 71
"../../../Engine/Content/EngineMaterials/DefaultMaterial.uasset" 72
"../../../Engine/Content/BasicShapes/Cone.uasset" 73
"../../../Engine/Content/BasicShapes/Cylinder.uasset" 74
"../../../Engine/Content/BasicShapes/Plane.uasset" 75
"../../../Engine/Content/BasicShapes/Sphere.uasset" 76
"../../../Engine/Content/EditorLandscapeResources/DataLayer.uasset" 77
"../../../Engine/Content/EditorMaterials/GizmoMaterial.uasset" 78
"../../../Engine/Content/EditorMaterials/MAT_Groups_Toggle.uasset" 79
"../../../Engine/Content/EditorMaterials/MAT_Groups_Visibility.uasset" 80
"../../../Engine/Content/EditorMaterials/PreviewShadowIndicator.uasset" 81
"../../../Engine/Content/EditorMaterials/PreviewShadowIndicatorMaterial.uasset" 82
"../../../Engine/Content/EditorMaterials/MatineeGroups/MAT_ColorTrack.uasset" 83
"../../../Engine/Content/EditorMaterials/MatineeGroups/MAT_Groups_Anim.uasset" 84
"../../../Engine/Content/EditorMaterials/MatineeGroups/MAT_Groups_AudioMaster.uasset" 85
"../../../Engine/Content/EditorMaterials/MatineeGroups/MAT_Groups_Director.uasset" 86
"../../../Engine/Content/EditorMaterials/MatineeGroups/MAT_Groups_Event.uasset" 87
"../../../Engine/Content/EditorMaterials/MatineeGroups/MAT_Groups_Fade.uasset" 88
"../../../Engine/Content/EditorMaterials/MatineeGroups/MAT_Groups_Float.uasset" 89
"../../../Engine/Content/EditorMaterials/MatineeGroups/MAT_Groups_Move.uasset" 90
"../../../Engine/Content/EditorMaterials/MatineeGroups/MAT_Groups_Slomo.uasset" 91
"../../../Engine/Content/EditorMaterials/MatineeGroups/MAT_Groups_Sound.uasset" 92
"../../../Engine/Content/EditorMaterials/MatineeGroups/MAT_Groups_Vector.uasset" 93
"../../../Engine/Content/EditorMaterials/ParticleSystems/PSysThumbnail_NoImage.uasset" 94
"../../../Engine/Content/EditorMaterials/ParticleSystems/PSysThumbnail_OOD.uasset" 95
"../../../Engine/Content/EditorMaterials/Camera/CineMat.uasset" 96
"../../../Engine/Content/EditorMaterials/Camera/MI_CineMat_Rig.uasset" 97
"../../../Engine/Content/EditorMeshes/Camera/SM_CraneRig_Arm.uasset" 98
"../../../Engine/Content/EditorMeshes/Camera/SM_CraneRig_Base.uasset" 99
"../../../Engine/Content/EditorMeshes/Camera/SM_CraneRig_Body.uasset" 100
"../../../Engine/Content/EditorMeshes/Camera/SM_CraneRig_Mount.uasset" 101
"../../../Engine/Content/EditorMeshes/Camera/SM_RailRig_Mount.uasset" 102
"../../../Engine/Content/EditorMeshes/Camera/SM_RailRig_Track.uasset" 103
"../../../Engine/Content/EditorResources/BSPVertex.uasset" 104
"../../../Engine/Content/EditorResources/EmptyActor.uasset" 105
"../../../Engine/Content/EditorResources/S_Actor.uasset" 106
"../../../Engine/Content/EditorResources/S_Note.uasset" 107
"../../../Engine/Content/EditorResources/S_Solver.uasset" 108
"../../../Engine/Content/EditorResources/S_Trigger.uasset" 109
"../../../Engine/Content/EditorResources/LightIcons/S_LightError.uasset" 110
"../../../Engine/Content/EditorResources/SequenceRecorder/Countdown.uasset" 111
"../../../Engine/Content/EditorResources/SequenceRecorder/RecordingIndicator.uasset" 112
"../../../Engine/Content/EditorSounds/Notifications/CompileFailed.uasset" 113
"../../../Engine/Content/EditorSounds/Notifications/CompileFailed_Cue.uasset" 114
"../../../Engine/Content/EditorSounds/Notifications/CompileSuccess.uasset" 115
"../../../Engine/Content/EditorSounds/Notifications/CompileStart_Cue.uasset" 116
"../../../Engine/Content/EditorSounds/Notifications/CompileSuccess_Cue.uasset" 117
"../../../Engine/Content/EngineDamageTypes/DmgTypeBP_Environmental.uasset" 118
"../../../Engine/Content/EngineDebugMaterials/HeatmapGradient.uasset" 119
"../../../Engine/Content/EngineDebugMaterials/BoneWeightMaterial.uasset" 120
"../../../Engine/Content/EngineDebugMaterials/ClothMaterial.uasset" 121
"../../../Engine/Content/EngineDebugMaterials/ClothMaterial_WF.uasset" 122
"../../../Engine/Content/EngineDebugMaterials/DebugEditorMaterial.uasset" 123
"../../../Engine/Content/EngineDebugMaterials/DebugMeshMaterial.uasset" 124
"../../../Engine/Content/EngineDebugMaterials/GeomMaterial.uasset" 125
"../../../Engine/Content/EngineDebugMaterials/M_SimpleTranslucent.uasset" 126
"../../../Engine/Content/Functions/Engine_MaterialFunctions02/Utility/CameraDirectionVector.uasset" 127
"../../../Engine/Content/EngineDebugMaterials/VolumeToRender.uasset" 128
"../../../Engine/Content/EngineDebugMaterials/M_VolumeRenderSphereTracePP.uasset" 129
"../../../Engine/Content/EngineDebugMaterials/WireframeMaterial.uasset" 130
"../../../Engine/Content/EngineFonts/Faces/RobotoBold.uasset" 131
"../../../Engine/Content/EngineFonts/Faces/RobotoBoldItalic.uasset" 132
"../../../Engine/Content/EngineFonts/Faces/RobotoItalic.uasset" 133
"../../../Engine/Content/EngineFonts/Faces/RobotoLight.uasset" 134
"../../../Engine/Content/EngineFonts/Faces/RobotoRegular.uasset" 135
"../../../Engine/Content/EngineFonts/Roboto.uasset" 136
"../../../Engine/Content/EngineMaterials/BaseFlattenDiffuseMap.uasset" 137
"../../../Engine/Content/EngineMaterials/BaseFlattenEmissiveMap.uasset" 138
"../../../Engine/Content/EngineMaterials/BaseFlattenGrayscaleMap.uasset" 139
"../../../Engine/Content/EngineMaterials/BaseFlattenNormalMap.uasset" 140
"../../../Engine/Content/EngineMaterials/BaseFlattenMaterial.uasset" 141
"../../../Engine/Content/EngineMaterials/BlueNoise.uasset" 142
"../../../Engine/Content/EngineMaterials/DefaultBloomKernel.uasset" 143
"../../../Engine/Content/EngineMaterials/DefaultBokeh.uasset" 144
"../../../Engine/Content/EngineMaterials/DefaultDeferredDecalMaterial.uasset" 145
"../../../Engine/Content/EngineMaterials/DefaultLightFunctionMaterial.uasset" 146
"../../../Engine/Content/EngineMaterials/DefaultPhysicalMaterial.uasset" 147
"../../../Engine/Content/Functions/Engine_MaterialFunctions02/Utility/BreakOutFloat2Components.uasset" 148
"../../../Engine/Content/EngineMaterials/DefaultPostProcessMaterial.uasset" 149
"../../../Engine/Content/EngineFonts/RobotoDistanceField.uasset" 150
"../../../Engine/Content/EngineMaterials/DefaultTextMaterialOpaque.uasset" 151
"../../../Engine/Content/EngineMaterials/DefaultVirtualTextureMaterial.uasset" 152
"../../../Engine/Content/EngineMaterials/EditorBrushMaterial.uasset" 153
"../../../Engine/Content/EngineMaterials/DefaultWhiteGrid_Low.uasset" 154
"../../../Engine/Content/EngineMaterials/EmissiveMeshMaterial.uasset" 155
"../../../Engine/Content/EngineMaterials/Good64x64TilingNoiseHighFreq.uasset" 156
"../../../Engine/Content/EngineMaterials/MiniFont.uasset" 157
"../../../Engine/Content/EngineMaterials/InvalidLightmapSettings.uasset" 158
"../../../Engine/Content/EngineMaterials/M_InvalidLightmapSettings.uasset" 159
"../../../Engine/Content/Functions/Engine_MaterialFunctions02/WorldPositionOffset/CameraOffset.uasset" 160
"../../../Engine/Content/EngineMaterials/PhAT_JointLimitMaterial.uasset" 161
"../../../Engine/Content/EngineMaterials/PreintegratedSkinBRDF.uasset" 162
"../../../Engine/Content/EngineMaterials/RemoveSurfaceMaterial.uasset" 163
"../../../Engine/Content/EngineMaterials/WeightMapPlaceholderTexture.uasset" 164
"../../../Engine/Content/EngineResources/WhiteSquareTexture.uasset" 165
"../../../Engine/Content/EngineMaterials/Widget3DPassThrough.uasset" 166
"../../../Engine/Content/EngineMaterials/Widget3DPassThrough_Masked.uasset" 167
"../../../Engine/Content/EngineMaterials/Widget3DPassThrough_Opaque.uasset" 168
"../../../Engine/Content/EngineMaterials/Widget3DPassThrough_Masked_OneSided.uasset" 169
"../../../Engine/Content/EngineMaterials/Widget3DPassThrough_Opaque_OneSided.uasset" 170
"../../../Engine/Content/EngineMaterials/Widget3DPassThrough_Translucent.uasset" 171
"../../../Engine/Content/EngineMaterials/Widget3DPassThrough_Translucent_OneSided.uasset" 172
"../../../Engine/Content/EngineMeshes/Cylinder.uasset" 173
"../../../Engine/Content/EngineMeshes/Sphere.uasset" 174
"../../../Engine/Content/EngineResources/Black.uasset" 175
"../../../Engine/Content/EngineResources/DefaultTexture.uasset" 176
"../../../Engine/Content/EngineResources/DefaultTextureCube.uasset" 177
"../../../Engine/Content/EngineResources/DefaultVolumeTexture2D.uasset" 178
"../../../Engine/Content/EngineResources/DefaultVolumeTexture.uasset" 179
"../../../Engine/Content/EngineResources/GradientTexture0.uasset" 180
"../../../Engine/Content/EngineSounds/Master.uasset" 181
"../../../Engine/Content/Functions/Engine_MaterialFunctions01/Shading/ConvertFromDiffSpec.uasset" 182
"../../../Engine/Content/Functions/Engine_MaterialFunctions01/Shading/PowerToRoughness.uasset" 183
"../../../Engine/Content/Maps/Templates/Thumbnails/Default.uasset" 184
"../../../Engine/Content/Maps/Templates/Thumbnails/VR-Basic.uasset" 185
"../../../Engine/Content/MobileResources/T_MobileControls_texture.uasset" 186
"../../../Engine/Content/MobileResources/T_MobileMenu2.uasset" 187
"../../../Engine/Content/MobileResources/HUD/AnalogHat.uasset" 188
"../../../Engine/Content/MobileResources/HUD/VirtualJoystick_Background.uasset" 189
"../../../Engine/Content/MobileResources/HUD/VirtualJoystick_Thumb.uasset" 190
"../../../Engine/Content/MobileResources/HUD/DefaultVirtualJoysticks.uasset" 191
"../../../Engine/Content/MobileResources/HUD/LeftVirtualJoystickOnly.uasset" 192
"../../../Engine/Content/MobileResources/HUD/MobileHUDButton1_off.uasset" 193
"../../../Engine/Content/MobileResources/HUD/MobileHUDButton1_on.uasset" 194
"../../../Engine/Content/MobileResources/HUD/MobileHUDButton2_off.uasset" 195
"../../../Engine/Content/MobileResources/HUD/MobileHUDButton2_on.uasset" 196
"../../../Engine/Content/MobileResources/HUD/MobileHUDButton3.uasset" 197
"../../../Engine/Content/MobileResources/HUD/MobileHUDButtonFire.uasset" 198
"../../../Engine/Content/MobileResources/HUD/MobileHUDDirectionPad.uasset" 199
"../../../Engine/Content/MobileResources/HUD/MobileHUDDirectionPad2.uasset" 200
"../../../Engine/Content/MobileResources/HUD/MobileHUDDirectionPad3.uasset" 201
"../../../Engine/Content/MobileResources/HUD/MobileHUDDirectionStick.uasset" 202
"../../../Engine/Content/MobileResources/HUD/T_Castle_ThumbstickInner.uasset" 203
"../../../Engine/Content/MobileResources/HUD/T_Castle_ThumbstickOutter.uasset" 204
"../../../Engine/Content/Tutorial/ContentIntroCurve.uasset" 205
"../../../Engine/Content/Tutorial/Basics/LevelEditorAttract.uasset" 206
"../../../Engine/Content/VREditor/LaserPointer/VR_LaserPower_01.uasset" 207
"../../../Engine/Content/VREditor/TransformGizmo/TransformGizmoMaterial.uasset" 208
"../../../Engine/Content/VREditor/TransformGizmo/TranslucentTransformGizmoMaterial.uasset" 209
"../../../Engine/Content/VREditor/TransformGizmo/BoundingBoxCorner.uasset" 210
"../../../Engine/Content/VREditor/TransformGizmo/BoundingBoxEdge.uasset" 211
"../../../Engine/Content/VREditor/TransformGizmo/PlaneTranslationHandle.uasset" 212
"../../../Engine/Content/VREditor/TransformGizmo/Main.uasset" 213
"../../../Engine/Content/VREditor/TransformGizmo/Xray.uasset" 214
"../../../Engine/Content/VREditor/TransformGizmo/SM_Sequencer_Key.uasset" 215
"../../../Engine/Content/VREditor/TransformGizmo/SM_Sequencer_Node.uasset" 216
"../../Plugins/2D/Paper2D/Content/PlaceholderTextures/DummySpriteTexture.uasset" 217
"../../Plugins/2D/Paper2D/Content/DummySprite.uasset" 218
"../../Plugins/2D/Paper2D/Content/DefaultPaperTerrainMaterial.uasset" 219
"../../Plugins/2D/Paper2D/Content/DummySpriteTexture.uasset" 220
"../../Plugins/2D/Paper2D/Content/DefaultSpriteMaterial.uasset" 221
"../../Plugins/2D/Paper2D/Content/MaskedUnlitSpriteMaterial.uasset" 222
"../../Plugins/2D/Paper2D/Content/OpaqueUnlitSpriteMaterial.uasset" 223
"../../Plugins/Runtime/Oculus/OculusVR/Content/OculusMR_RenderTarget.uasset" 224
"../../../Engine/Content/Functions/Engine_MaterialFunctions02/Utility/BreakOutFloat4Components.uasset" 225
"../../../Engine/Content/Functions/Engine_MaterialFunctions02/Utility/MakeFloat3.uasset" 226
"../../Plugins/Runtime/Oculus/OculusVR/Content/Materials/OculusMR_ChromaKey.uasset" 227
"../../Plugins/Runtime/Oculus/OculusVR/Content/Materials/OculusMR_ChromaKey_Lit.uasset" 228
"../../Plugins/Runtime/Oculus/OculusVR/Content/Materials/OculusMR_OpaqueColoredMaterial.uasset" 229
"../../Plugins/Runtime/Oculus/OculusVR/Content/Materials/OculusMR_WhiteMaterial.uasset" 230
"../../../../../PROJECT/Unreal Projects/Rough_Operation_ground/MainGame/Content/AnimStarterPack/Crouch_Idle_Rifle_Hip.uasset" 231
"../../../../../PROJECT/Unreal Projects/Rough_Operation_ground/MainGame/Content/AnimStarterPack/Crouch_Idle_Rifle_Ironsights.uasset" 232
"../../../../../PROJECT/Unreal Projects/Rough_Operation_ground/MainGame/Content/AnimStarterPack/Crouch_Walk_Fwd_Rifle_Ironsights.uasset" 233
"../../../../../PROJECT/Unreal Projects/Rough_Operation_ground/MainGame/Content/AnimStarterPack/Equip_Pistol_Standing.uasset" 234
"../../../../../PROJECT/Unreal Projects/Rough_Operation_ground/MainGame/Content/AnimStarterPack/Fire_Rifle_Ironsights.uasset" 235
"../../../../../PROJECT/Unreal Projects/Rough_Operation_ground/MainGame/Content/AnimStarterPack/Hit_React_1.uasset" 236
"../../../../../PROJECT/Unreal Projects/Rough_Operation_ground/MainGame/Content/AnimStarterPack/Hit_React_2.uasset" 237
"../../../../../PROJECT/Unreal Projects/Rough_Operation_ground/MainGame/Content/AnimStarterPack/Hit_React_3.uasset" 238
"../../../../../PROJECT/Unreal Projects/Rough_Operation_ground/MainGame/Content/AnimStarterPack/Idle_Rifle_Hip_Break1.uasset" 239
"../../../../../PROJECT/Unreal Projects/Rough_Operation_ground/MainGame/Content/AnimStarterPack/Idle_Rifle_Hip_Break2.uasset" 240
"../../../../../PROJECT/Unreal Projects/Rough_Operation_ground/MainGame/Content/AnimStarterPack/Reload_Rifle_Hip.uasset" 241
"../../../Engine/Content/EditorBlueprintResources/StandardMacros.uasset" 242
"../../../Engine/Content/EngineSky/C_Sky_Cloud_Color.uasset" 243
"../../../Engine/Content/EngineSky/C_Sky_Horizon_Color.uasset" 244
"../../../Engine/Content/EngineSky/C_Sky_Zenith_Color.uasset" 245
"../../../Engine/Content/EngineSky/T_Sky_Blue.uasset" 246
"../../../Engine/Content/EngineSky/T_Sky_Clouds_M.uasset" 247
"../../../Engine/Content/EngineSky/T_Sky_Stars.uasset" 248
"../../../Engine/Content/EngineSky/M_Sky_Panning_Clouds2.uasset" 249
"../../../Engine/Content/EngineSky/SM_SkySphere.uasset" 250
"../../../Engine/Content/EngineSky/BP_Sky_Sphere.uasset" 251
"../../../Engine/Content/TemplateResources/M_Template_Master.uasset" 252
"../../../Engine/Content/TemplateResources/MI_Template_BaseGray_03_Metal.uasset" 253
"../../../Engine/Content/Functions/Engine_MaterialFunctions02/Utility/BlendAngleCorrectedNormals.uasset" 254
"../../../Engine/Content/Functions/MaterialLayerFunctions/MatLayerBlend_AO.uasset" 255
"../../../Engine/Content/Functions/MaterialLayerFunctions/MatLayerBlend_NormalBlend.uasset" 256
"../../../Engine/Content/Functions/MaterialLayerFunctions/MatLayerBlend_Simple.uasset" 257
"../../../../../PROJECT/Unreal Projects/Rough_Operation_ground/MainGame/Content/AnimStarterPack/UE4_Mannequin/Materials/MaterialLayers/T_ML_Rubber_Blue_01_D.uasset" 258
"../../../../../PROJECT/Unreal Projects/Rough_Operation_ground/MainGame/Content/AnimStarterPack/UE4_Mannequin/Materials/MaterialLayers/T_ML_Rubber_Blue_01_N.uasset" 259
"../../../../../PROJECT/Unreal Projects/Rough_Operation_ground/MainGame/Content/AnimStarterPack/UE4_Mannequin/Materials/MaterialLayers/ML_GlossyBlack_Latex_UE4.uasset" 260
"../../../../../PROJECT/Unreal Projects/Rough_Operation_ground/MainGame/Content/AnimStarterPack/UE4_Mannequin/Materials/MaterialLayers/ML_Plastic_Shiny_Beige.uasset" 261
"../../../../../PROJECT/Unreal Projects/Rough_Operation_ground/MainGame/Content/AnimStarterPack/UE4_Mannequin/Textures/UE4_LOGO_CARD.uasset" 262
"../../../../../PROJECT/Unreal Projects/Rough_Operation_ground/MainGame/Content/AnimStarterPack/UE4_Mannequin/Materials/MaterialLayers/ML_Plastic_Shiny_Beige_LOGO.uasset" 263
"../../../../../PROJECT/Unreal Projects/Rough_Operation_ground/MainGame/Content/AnimStarterPack/UE4_Mannequin/Materials/MaterialLayers/T_ML_Aluminum01.uasset" 264
"../../../../../PROJECT/Unreal Projects/Rough_Operation_ground/MainGame/Content/AnimStarterPack/UE4_Mannequin/Materials/MaterialLayers/T_ML_Aluminum01_N.uasset" 265
"../../../../../PROJECT/Unreal Projects/Rough_Operation_ground/MainGame/Content/AnimStarterPack/UE4_Mannequin/Materials/MaterialLayers/ML_SoftMetal_UE4.uasset" 266
"../../../../../PROJECT/Unreal Projects/Rough_Operation_ground/MainGame/Content/AnimStarterPack/UE4_Mannequin/Textures/UE4_Mannequin__normals.uasset" 267
"../../../../../PROJECT/Unreal Projects/Rough_Operation_ground/MainGame/Content/AnimStarterPack/UE4_Mannequin/Textures/UE4_Mannequin_MAT_MASKA.uasset" 268
"../../../../../PROJECT/Unreal Projects/Rough_Operation_ground/MainGame/Content/AnimStarterPack/UE4_Mannequin/Textures/UE4_Mannequin_occlusion_Mobile.uasset" 269
"../../../../../PROJECT/Unreal Projects/Rough_Operation_ground/MainGame/Content/AnimStarterPack/UE4_Mannequin/Materials/M_UE4Man_Body.uasset" 270
"../../../../../PROJECT/Unreal Projects/Rough_Operation_ground/MainGame/Content/AnimStarterPack/UE4_Mannequin/Textures/UE4Man_Logo_N.uasset" 271
"../../../../../PROJECT/Unreal Projects/Rough_Operation_ground/MainGame/Content/AnimStarterPack/UE4_Mannequin/Materials/M_UE4Man_ChestLogo.uasset" 272
"../../../../../PROJECT/Unreal Projects/Rough_Operation_ground/MainGame/Content/AnimStarterPack/UE4_Mannequin/Mesh/SK_Mannequin_PhysicsAsset.uasset" 273
"../../../../../PROJECT/Unreal Projects/Rough_Operation_ground/MainGame/Content/AnimStarterPack/UE4_Mannequin/Mesh/SK_Mannequin.uasset" 274
"../../../../../PROJECT/Unreal Projects/Rough_Operation_ground/MainGame/Content/AnimStarterPack/Showcase.umap" 275
"../../../../../PROJECT/Unreal Projects/Rough_Operation_ground/MainGame/Content/AnimStarterPack/Death_1.uasset" 276
"../../../../../PROJECT/Unreal Projects/Rough_Operation_ground/MainGame/Content/AnimStarterPack/Idle_Rifle_Hip.uasset" 277
"../../../../../PROJECT/Unreal Projects/Rough_Operation_ground/MainGame/Content/AnimStarterPack/Jump_From_Jog.uasset" 278
"../../../../../PROJECT/Unreal Projects/Rough_Operation_ground/MainGame/Content/AnimStarterPack/Jump_From_Stand.uasset" 279
"../../../../../PROJECT/Unreal Projects/Rough_Operation_ground/MainGame/Content/AnimStarterPack/Crouch_Walk_Bwd_Rifle_Hip.uasset" 280
"../../../../../PROJECT/Unreal Projects/Rough_Operation_ground/MainGame/Content/AnimStarterPack/Crouch_Walk_Fwd_Rifle_Hip.uasset" 281
"../../../../../PROJECT/Unreal Projects/Rough_Operation_ground/MainGame/Content/AnimStarterPack/Crouch_Walk_Lt_Rifle_Hip.uasset" 282
"../../../../../PROJECT/Unreal Projects/Rough_Operation_ground/MainGame/Content/AnimStarterPack/Crouch_Walk_Rt_Rifle_Hip.uasset" 283
"../../../../../PROJECT/Unreal Projects/Rough_Operation_ground/MainGame/Content/AnimStarterPack/BS_CrouchWalk.uasset" 284
"../../../../../PROJECT/Unreal Projects/Rough_Operation_ground/MainGame/Content/AnimStarterPack/Jog_Bwd_Rifle.uasset" 285
"../../../../../PROJECT/Unreal Projects/Rough_Operation_ground/MainGame/Content/AnimStarterPack/Jog_Fwd_Rifle.uasset" 286
"../../../../../PROJECT/Unreal Projects/Rough_Operation_ground/MainGame/Content/AnimStarterPack/BS_Jog.uasset" 287
"../../../../../PROJECT/Unreal Projects/Rough_Operation_ground/MainGame/Content/AnimStarterPack/Ue4ASP_Character.uasset" 288
"../../../../../PROJECT/Unreal Projects/Rough_Operation_ground/MainGame/Content/AnimStarterPack/UE4ASP_HeroTPP_AnimBlueprint.uasset" 289
"../../../../../PROJECT/Unreal Projects/Rough_Operation_ground/MainGame/Content/Assets/Player/MCharacter_BP.uasset" 290
"../../../../../PROJECT/Unreal Projects/Rough_Operation_ground/MainGame/Content/Assets/Widgets/PickUpCall.uasset" 291
"../../../../../PROJECT/Unreal Projects/Rough_Operation_ground/MainGame/Content/Assets/GameModes/MyMainGameGameModeBase_BP.uasset" 292
"../../../Engine/Content/BasicShapes/Cube.uasset" 293
"../../../../../PROJECT/Unreal Projects/Rough_Operation_ground/MainGame/Content/Assets/WeaponsLaunchers/MWeapon_BP.uasset" 294
"../../../../../PROJECT/Unreal Projects/Rough_Operation_ground/MainGame/Content/Levels/BaseMap_BuiltData.uasset" 295
"../../../../../PROJECT/Unreal Projects/Rough_Operation_ground/MainGame/Content/Megascans/Master_Materials/Standard_MasterMaterial.uasset" 296
"../../../../../PROJECT/Unreal Projects/Rough_Operation_ground/MainGame/Content/Megascans/3D_Asset/01_Rusted_Metal_Barrel_tewscfuda/tewscfuda_2K_Albedo.uasset" 297
"../../../../../PROJECT/Unreal Projects/Rough_Operation_ground/MainGame/Content/Megascans/3D_Asset/01_Rusted_Metal_Barrel_tewscfuda/tewscfuda_2K_Displacement.uasset" 298
"../../../../../PROJECT/Unreal Projects/Rough_Operation_ground/MainGame/Content/Megascans/3D_Asset/01_Rusted_Metal_Barrel_tewscfuda/tewscfuda_2K_Normal_LOD3.uasset" 299
"../../../../../PROJECT/Unreal Projects/Rough_Operation_ground/MainGame/Content/Megascans/3D_Asset/01_Rusted_Metal_Barrel_tewscfuda/tewscfuda_2K_Roughness.uasset" 300
"../../../../../PROJECT/Unreal Projects/Rough_Operation_ground/MainGame/Content/Megascans/3D_Asset/01_Rusted_Metal_Barrel_tewscfuda/01_Rusted_Metal_Barrel_tewscfuda_2K_inst.uasset" 301
"../../../../../PROJECT/Unreal Projects/Rough_Operation_ground/MainGame/Content/Megascans/3D_Asset/01_Rusted_Metal_Barrel_tewscfuda/wdwd.uasset" 302
"../../../Engine/Content/MapTemplates/SM_Template_Map_Floor.uasset" 303
"../../../../../PROJECT/Unreal Projects/Rough_Operation_ground/MainGame/Content/Megascans/3D_Asset/01_Rusted_Metal_Barrel_tewscfuda/tewscfuda_LOD3.uasset" 304
"../../../../../PROJECT/Unreal Projects/Rough_Operation_ground/MainGame/Content/Levels/BaseMap.umap" 305
"../../../Engine/Content/Maps/Entry_BuiltData.uasset" 306
"../../../Engine/Content/Maps/Entry.umap" 307
