"../../../../../PROJECT/Unreal Projects/Rough_Operation_ground/MainGame/Content/AnimStarterPack/UE4_Mannequin/Mesh/UE4_Mannequin_Skeleton.uasset" 0
"../../../../../PROJECT/Unreal Projects/Rough_Operation_ground/MainGame/Content/AnimStarterPack/Idle_Rifle_Ironsights.uasset" 1
"../../../../../PROJECT/Unreal Projects/Rough_Operation_ground/MainGame/Content/AnimStarterPack/Jog_Lt_Rifle.uasset" 2
"../../../../../PROJECT/Unreal Projects/Rough_Operation_ground/MainGame/Content/AnimStarterPack/Jog_Rt_Rifle.uasset" 3
"../../../../../PROJECT/Unreal Projects/Rough_Operation_ground/MainGame/Content/AnimStarterPack/Sprint_Fwd_Rifle.uasset" 4
"../../../../../PROJECT/Unreal Projects/Rough_Operation_ground/MainGame/Content/AnimStarterPack/Walk_Fwd_Rifle_Ironsights.uasset" 5
"../../../../../PROJECT/Unreal Projects/Rough_Operation_ground/MainGame/Content/AnimStarterPack/Walk_Lt_Rifle_Ironsights.uasset" 6
"../../../../../PROJECT/Unreal Projects/Rough_Operation_ground/MainGame/Content/AnimStarterPack/Walk_Rt_Rifle_Ironsights.uasset" 7
"../../../../../PROJECT/Unreal Projects/Rough_Operation_ground/MainGame/Content/Animations/Blendspaces/BaseMovement.uasset" 8
"../../../../../PROJECT/Unreal Projects/Rough_Operation_ground/MainGame/Content/Animations/Mannequin/Animations/ThirdPersonIdle.uasset" 9
"../../../../../PROJECT/Unreal Projects/Rough_Operation_ground/MainGame/Content/Animations/Mannequin/Animations/ThirdPersonJump_End.uasset" 10
"../../../../../PROJECT/Unreal Projects/Rough_Operation_ground/MainGame/Content/Animations/Mannequin/Animations/ThirdPersonJump_Loop.uasset" 11
"../../../../../PROJECT/Unreal Projects/Rough_Operation_ground/MainGame/Content/Animations/Mannequin/Animations/ThirdPersonJump_Start.uasset" 12
"../../../../../PROJECT/Unreal Projects/Rough_Operation_ground/MainGame/Content/Animations/Mannequin/Animations/ThirdPersonRun.uasset" 13
"../../../../../PROJECT/Unreal Projects/Rough_Operation_ground/MainGame/Content/Animations/Mannequin/Animations/ThirdPersonWalk.uasset" 14
"../../../Engine/Content/EditorBlueprintResources/StandardMacros.uasset" 15
"../../../../../PROJECT/Unreal Projects/Rough_Operation_ground/MainGame/Content/Animations/Mannequin/Animations/ThirdPerson_AnimBP.uasset" 16
"../../../../../PROJECT/Unreal Projects/Rough_Operation_ground/MainGame/Content/Animations/Mannequin/Animations/ThirdPerson_IdleRun_2D.uasset" 17
"../../../../../PROJECT/Unreal Projects/Rough_Operation_ground/MainGame/Content/Animations/Mannequin/Animations/ThirdPerson_Jump.uasset" 18
"../../../Engine/Content/Functions/Engine_MaterialFunctions02/Utility/BlendAngleCorrectedNormals.uasset" 19
"../../../Engine/Content/Functions/MaterialLayerFunctions/MatLayerBlend_NormalBlend.uasset" 20
"../../../Engine/Content/Functions/MaterialLayerFunctions/MatLayerBlend_Simple.uasset" 21
"../../../../../PROJECT/Unreal Projects/Rough_Operation_ground/MainGame/Content/Animations/Mannequin/Character/Materials/M_UE4Man_Body.uasset" 22
"../../../../../PROJECT/Unreal Projects/Rough_Operation_ground/MainGame/Content/Animations/Mannequin/Character/Materials/M_UE4Man_ChestLogo.uasset" 23
"../../../../../PROJECT/Unreal Projects/Rough_Operation_ground/MainGame/Content/Animations/Mannequin/Character/Materials/MaterialLayers/ML_GlossyBlack_Latex_UE4.uasset" 24
"../../../../../PROJECT/Unreal Projects/Rough_Operation_ground/MainGame/Content/Animations/Mannequin/Character/Materials/MaterialLayers/ML_Plastic_Shiny_Beige.uasset" 25
"../../../../../PROJECT/Unreal Projects/Rough_Operation_ground/MainGame/Content/Animations/Mannequin/Character/Materials/MaterialLayers/ML_Plastic_Shiny_Beige_LOGO.uasset" 26
"../../../../../PROJECT/Unreal Projects/Rough_Operation_ground/MainGame/Content/Animations/Mannequin/Character/Materials/MaterialLayers/ML_SoftMetal_UE4.uasset" 27
"../../../../../PROJECT/Unreal Projects/Rough_Operation_ground/MainGame/Content/Animations/Mannequin/Character/Materials/MaterialLayers/T_ML_Aluminum01.uasset" 28
"../../../../../PROJECT/Unreal Projects/Rough_Operation_ground/MainGame/Content/Animations/Mannequin/Character/Materials/MaterialLayers/T_ML_Aluminum01_N.uasset" 29
"../../../../../PROJECT/Unreal Projects/Rough_Operation_ground/MainGame/Content/Animations/Mannequin/Character/Materials/MaterialLayers/T_ML_Rubber_Blue_01_D.uasset" 30
"../../../../../PROJECT/Unreal Projects/Rough_Operation_ground/MainGame/Content/Animations/Mannequin/Character/Materials/MaterialLayers/T_ML_Rubber_Blue_01_N.uasset" 31
"../../../../../PROJECT/Unreal Projects/Rough_Operation_ground/MainGame/Content/Animations/Mannequin/Character/Mesh/SK_Mannequin.uasset" 32
"../../../../../PROJECT/Unreal Projects/Rough_Operation_ground/MainGame/Content/Animations/Mannequin/Character/Mesh/SK_Mannequin_PhysicsAsset.uasset" 33
"../../../../../PROJECT/Unreal Projects/Rough_Operation_ground/MainGame/Content/Animations/Mannequin/Character/Mesh/UE4_Mannequin_Skeleton.uasset" 34
"../../../../../PROJECT/Unreal Projects/Rough_Operation_ground/MainGame/Content/Animations/Mannequin/Character/Textures/UE4Man_Logo_N.uasset" 35
"../../../../../PROJECT/Unreal Projects/Rough_Operation_ground/MainGame/Content/Animations/Mannequin/Character/Textures/UE4_LOGO_CARD.uasset" 36
"../../../../../PROJECT/Unreal Projects/Rough_Operation_ground/MainGame/Content/Animations/Mannequin/Character/Textures/UE4_Mannequin_MAT_MASKA.uasset" 37
"../../../../../PROJECT/Unreal Projects/Rough_Operation_ground/MainGame/Content/Animations/Mannequin/Character/Textures/UE4_Mannequin__normals.uasset" 38
"../../../../../PROJECT/Unreal Projects/Rough_Operation_ground/MainGame/Content/AnimStarterPack/Aim_Space_Hip.uasset" 39
"../../../../../PROJECT/Unreal Projects/Rough_Operation_ground/MainGame/Content/AnimStarterPack/Aim_Space_Ironsights.uasset" 40
"../../../../../PROJECT/Unreal Projects/Rough_Operation_ground/MainGame/Content/AnimStarterPack/Crouch_to_Stand_Rifle_Hip.uasset" 41
"../../../../../PROJECT/Unreal Projects/Rough_Operation_ground/MainGame/Content/AnimStarterPack/Crouch_to_Stand_Rifle_Ironsights.uasset" 42
"../../../../../PROJECT/Unreal Projects/Rough_Operation_ground/MainGame/Content/AnimStarterPack/Crouch_Walk_Bwd_Rifle_Ironsights.uasset" 43
"../../../../../PROJECT/Unreal Projects/Rough_Operation_ground/MainGame/Content/AnimStarterPack/Crouch_Walk_Lt_Rifle_Ironsights.uasset" 44
"../../../../../PROJECT/Unreal Projects/Rough_Operation_ground/MainGame/Content/AnimStarterPack/Crouch_Walk_Rt_Rifle_Ironsights.uasset" 45
"../../../../../PROJECT/Unreal Projects/Rough_Operation_ground/MainGame/Content/AnimStarterPack/Death_2.uasset" 46
"../../../../../PROJECT/Unreal Projects/Rough_Operation_ground/MainGame/Content/AnimStarterPack/Death_3.uasset" 47
"../../../../../PROJECT/Unreal Projects/Rough_Operation_ground/MainGame/Content/AnimStarterPack/Death_Ironsights_1.uasset" 48
"../../../../../PROJECT/Unreal Projects/Rough_Operation_ground/MainGame/Content/AnimStarterPack/Death_Ironsights_2.uasset" 49
"../../../../../PROJECT/Unreal Projects/Rough_Operation_ground/MainGame/Content/AnimStarterPack/Equip_Rifle_Standing.uasset" 50
"../../../../../PROJECT/Unreal Projects/Rough_Operation_ground/MainGame/Content/AnimStarterPack/Fire_Rifle_Hip.uasset" 51
"../../../../../PROJECT/Unreal Projects/Rough_Operation_ground/MainGame/Content/AnimStarterPack/Fire_Shotgun_Hip.uasset" 52
"../../../../../PROJECT/Unreal Projects/Rough_Operation_ground/MainGame/Content/AnimStarterPack/Fire_Shotgun_Ironsights.uasset" 53
"../../../../../PROJECT/Unreal Projects/Rough_Operation_ground/MainGame/Content/AnimStarterPack/Hit_React_4.uasset" 54
"../../../../../PROJECT/Unreal Projects/Rough_Operation_ground/MainGame/Content/AnimStarterPack/Idle_Pistol.uasset" 55
"../../../../../PROJECT/Unreal Projects/Rough_Operation_ground/MainGame/Content/AnimStarterPack/Jump_From_Stand_Ironsights.uasset" 56
"../../../../../PROJECT/Unreal Projects/Rough_Operation_ground/MainGame/Content/AnimStarterPack/Prone_Death_1.uasset" 57
"../../../../../PROJECT/Unreal Projects/Rough_Operation_ground/MainGame/Content/AnimStarterPack/Prone_Death_2.uasset" 58
"../../../../../PROJECT/Unreal Projects/Rough_Operation_ground/MainGame/Content/AnimStarterPack/Prone_Fire_1.uasset" 59
"../../../../../PROJECT/Unreal Projects/Rough_Operation_ground/MainGame/Content/AnimStarterPack/Prone_Fire_2.uasset" 60
"../../../../../PROJECT/Unreal Projects/Rough_Operation_ground/MainGame/Content/AnimStarterPack/Prone_Idle.uasset" 61
"../../../../../PROJECT/Unreal Projects/Rough_Operation_ground/MainGame/Content/AnimStarterPack/Prone_Reload_Rifle.uasset" 62
"../../../../../PROJECT/Unreal Projects/Rough_Operation_ground/MainGame/Content/AnimStarterPack/Prone_Reload_Shotgun.uasset" 63
"../../../../../PROJECT/Unreal Projects/Rough_Operation_ground/MainGame/Content/AnimStarterPack/Prone_To_Stand.uasset" 64
"../../../../../PROJECT/Unreal Projects/Rough_Operation_ground/MainGame/Content/AnimStarterPack/Reload_Pistol.uasset" 65
"../../../../../PROJECT/Unreal Projects/Rough_Operation_ground/MainGame/Content/AnimStarterPack/Reload_Rifle_Ironsights.uasset" 66
"../../../../../PROJECT/Unreal Projects/Rough_Operation_ground/MainGame/Content/AnimStarterPack/Reload_Shotgun_Hip.uasset" 67
"../../../../../PROJECT/Unreal Projects/Rough_Operation_ground/MainGame/Content/AnimStarterPack/Reload_Shotgun_Ironsights.uasset" 68
"../../../../../PROJECT/Unreal Projects/Rough_Operation_ground/MainGame/Content/AnimStarterPack/Stand_to_Crouch_Rifle_Hip.uasset" 69
"../../../../../PROJECT/Unreal Projects/Rough_Operation_ground/MainGame/Content/AnimStarterPack/Stand_to_Crouch_Rifle_Ironsights.uasset" 70
"../../../../../PROJECT/Unreal Projects/Rough_Operation_ground/MainGame/Content/AnimStarterPack/Stand_To_Prone.uasset" 71
"../../../../../PROJECT/Unreal Projects/Rough_Operation_ground/MainGame/Content/AnimStarterPack/Walk_Bwd_Rifle_Ironsights.uasset" 72
"../../../Engine/Content/Functions/Engine_MaterialFunctions01/SpeedTree/SpeedTreeColorVariation.uasset" 73
"../../../Engine/Content/Functions/Engine_MaterialFunctions01/WorldPositionOffset/SimpleGrassWind.uasset" 74
"../../../Engine/Content/Functions/Engine_MaterialFunctions02/Math/MultiplyAdd.uasset" 75
"../../../Engine/Content/Functions/Engine_MaterialFunctions02/Utility/MakeFloat2.uasset" 76
"../../../Engine/Content/EngineMaterials/DefaultDiffuse.uasset" 77
"../../../Engine/Content/EngineMaterials/DefaultNormal.uasset" 78
"../../../Engine/Content/EngineMaterials/DefaultWhiteGrid.uasset" 79
"../../../../../PROJECT/Unreal Projects/Rough_Operation_ground/MainGame/Content/Megascans/Master_Materials/Atlas_MasterMaterial.uasset" 80
"../../../Engine/Content/EngineMaterials/BlendFunc_DefBase.uasset" 81
"../../../Engine/Content/EngineMaterials/BlendFunc_DefBlend.uasset" 82
"../../../Engine/Content/Functions/Engine_MaterialFunctions03/Blends/Blend_Overlay.uasset" 83
"../../../../../PROJECT/Unreal Projects/Rough_Operation_ground/MainGame/Content/Megascans/Master_Materials/BrushDecal_MasterMaterial.uasset" 84
"../../../../../PROJECT/Unreal Projects/Rough_Operation_ground/MainGame/Content/Megascans/Master_Materials/ChannelPackingSample.uasset" 85
"../../../../../PROJECT/Unreal Projects/Rough_Operation_ground/MainGame/Content/Megascans/Master_Materials/Decal_MasterMaterial.uasset" 86
"../../../../../PROJECT/Unreal Projects/Rough_Operation_ground/MainGame/Content/Megascans/Master_Materials/Displacement_MasterMaterial.uasset" 87
"../../../../../PROJECT/Unreal Projects/Rough_Operation_ground/MainGame/Content/Megascans/Master_Materials/Foliage_MasterMaterial.uasset" 88
"../../../../../PROJECT/Unreal Projects/Rough_Operation_ground/MainGame/Content/Megascans/Master_Materials/Imperfection_MasterMaterial.uasset" 89
"../../../Engine/Content/Functions/Engine_MaterialFunctions01/AlphaBlend/WorldAlignedBlend.uasset" 90
"../../../Engine/Content/Functions/Engine_MaterialFunctions01/Shading/FuzzyShading.uasset" 91
"../../../Engine/Content/Functions/Engine_MaterialFunctions02/Utility/VectorLength.uasset" 92
"../../../../../PROJECT/Unreal Projects/Rough_Operation_ground/MainGame/Content/Megascans/Master_Materials/noise_mask.uasset" 93
"../../../../../PROJECT/Unreal Projects/Rough_Operation_ground/MainGame/Content/Megascans/Master_Materials/noise_normal.uasset" 94
"../../../../../PROJECT/Unreal Projects/Rough_Operation_ground/MainGame/Content/Megascans/Master_Materials/SurfaceBlend_MasterMaterial.uasset" 95
"../../../../../PROJECT/Unreal Projects/Rough_Operation_ground/MainGame/Content/Meshes/FPS_Weapon_Bundle/Weapons/Materials/Accessories/M_Scope_25x56.uasset" 96
"../../../../../PROJECT/Unreal Projects/Rough_Operation_ground/MainGame/Content/Meshes/FPS_Weapon_Bundle/Weapons/Materials/Accessories/M_Scope_25x56_Lens.uasset" 97
"../../../../../PROJECT/Unreal Projects/Rough_Operation_ground/MainGame/Content/Meshes/FPS_Weapon_Bundle/Weapons/Materials/Accessories/M_Scope_25x56_Lens_NoAlpha.uasset" 98
"../../../../../PROJECT/Unreal Projects/Rough_Operation_ground/MainGame/Content/Meshes/FPS_Weapon_Bundle/Weapons/Materials/Accessories/M_Suppressor5.uasset" 99
"../../../../../PROJECT/Unreal Projects/Rough_Operation_ground/MainGame/Content/Meshes/FPS_Weapon_Bundle/Weapons/Materials/Accessories/M_Tc4_Sight.uasset" 100
"../../../../../PROJECT/Unreal Projects/Rough_Operation_ground/MainGame/Content/Meshes/FPS_Weapon_Bundle/Weapons/Materials/Accessories/M_V_Grip.uasset" 101
"../../../../../PROJECT/Unreal Projects/Rough_Operation_ground/MainGame/Content/Meshes/FPS_Weapon_Bundle/Weapons/Materials/Accessories/M_V_Grip_Green.uasset" 102
"../../../../../PROJECT/Unreal Projects/Rough_Operation_ground/MainGame/Content/Meshes/FPS_Weapon_Bundle/Weapons/Materials/Ammunition/M_40mm_Grenade.uasset" 103
"../../../../../PROJECT/Unreal Projects/Rough_Operation_ground/MainGame/Content/Meshes/FPS_Weapon_Bundle/Weapons/Materials/Ammunition/M_45ap.uasset" 104
"../../../../../PROJECT/Unreal Projects/Rough_Operation_ground/MainGame/Content/Meshes/FPS_Weapon_Bundle/Weapons/Materials/Ammunition/M_762x39_Empty.uasset" 105
"../../../../../PROJECT/Unreal Projects/Rough_Operation_ground/MainGame/Content/Meshes/FPS_Weapon_Bundle/Weapons/Materials/Ammunition/M_9mm.uasset" 106
"../../../../../PROJECT/Unreal Projects/Rough_Operation_ground/MainGame/Content/Meshes/FPS_Weapon_Bundle/Weapons/Materials/Ammunition/M_9x18.uasset" 107
"../../../../../PROJECT/Unreal Projects/Rough_Operation_ground/MainGame/Content/Meshes/FPS_Weapon_Bundle/Weapons/Materials/Ammunition/M_Ammo_12gauge.uasset" 108
"../../../../../PROJECT/Unreal Projects/Rough_Operation_ground/MainGame/Content/Meshes/FPS_Weapon_Bundle/Weapons/Materials/AR4/M_AR4.uasset" 109
"../../../../../PROJECT/Unreal Projects/Rough_Operation_ground/MainGame/Content/Meshes/FPS_Weapon_Bundle/Weapons/Materials/AR4/M_AR4_Pattern.uasset" 110
"../../../../../PROJECT/Unreal Projects/Rough_Operation_ground/MainGame/Content/Meshes/FPS_Weapon_Bundle/Weapons/Materials/G67_Grenade/M_G67.uasset" 111
"../../../../../PROJECT/Unreal Projects/Rough_Operation_ground/MainGame/Content/Meshes/FPS_Weapon_Bundle/Weapons/Materials/Ka47/M_KA47_Pattern.uasset" 112
"../../../../../PROJECT/Unreal Projects/Rough_Operation_ground/MainGame/Content/Meshes/FPS_Weapon_Bundle/Weapons/Materials/KA74U/M_KA74U.uasset" 113
"../../../../../PROJECT/Unreal Projects/Rough_Operation_ground/MainGame/Content/Meshes/FPS_Weapon_Bundle/Weapons/Materials/KA74U/M_KA74U_Gold.uasset" 114
"../../../../../PROJECT/Unreal Projects/Rough_Operation_ground/MainGame/Content/Meshes/FPS_Weapon_Bundle/Weapons/Materials/KA74U/M_KA74U_LeafSpray.uasset" 115
"../../../../../PROJECT/Unreal Projects/Rough_Operation_ground/MainGame/Content/Meshes/FPS_Weapon_Bundle/Weapons/Materials/KA_Val/M_KA_Val.uasset" 116
"../../../../../PROJECT/Unreal Projects/Rough_Operation_ground/MainGame/Content/Meshes/FPS_Weapon_Bundle/Weapons/Materials/KA_Val/M_KA_Val_Black.uasset" 117
"../../../../../PROJECT/Unreal Projects/Rough_Operation_ground/MainGame/Content/Meshes/FPS_Weapon_Bundle/Weapons/Materials/KA_Val/M_KA_Val_Black_Camo.uasset" 118
"../../../../../PROJECT/Unreal Projects/Rough_Operation_ground/MainGame/Content/Meshes/FPS_Weapon_Bundle/Weapons/Materials/KA_Val/M_KA_Val_Black_Striped.uasset" 119
"../../../../../PROJECT/Unreal Projects/Rough_Operation_ground/MainGame/Content/Meshes/FPS_Weapon_Bundle/Weapons/Materials/M9_Knife/M_M9_Knife.uasset" 120
"../../../../../PROJECT/Unreal Projects/Rough_Operation_ground/MainGame/Content/Meshes/FPS_Weapon_Bundle/Weapons/Materials/Master_Material/M_RDS_Master.uasset" 121
"../../../../../PROJECT/Unreal Projects/Rough_Operation_ground/MainGame/Content/Meshes/FPS_Weapon_Bundle/Weapons/Materials/Master_Material/M_Scope_Lens_MASTER.uasset" 122
"../../../../../PROJECT/Unreal Projects/Rough_Operation_ground/MainGame/Content/Meshes/FPS_Weapon_Bundle/Weapons/Materials/Master_Material/M_Weapon_Master_USE.uasset" 123
"../../../../../PROJECT/Unreal Projects/Rough_Operation_ground/MainGame/Content/Meshes/FPS_Weapon_Bundle/Weapons/Materials/RDS/M_RDS_01.uasset" 124
"../../../../../PROJECT/Unreal Projects/Rough_Operation_ground/MainGame/Content/Meshes/FPS_Weapon_Bundle/Weapons/Materials/RDS/M_RDS_02.uasset" 125
"../../../../../PROJECT/Unreal Projects/Rough_Operation_ground/MainGame/Content/Meshes/FPS_Weapon_Bundle/Weapons/Materials/RDS/M_RDS_03.uasset" 126
"../../../../../PROJECT/Unreal Projects/Rough_Operation_ground/MainGame/Content/Meshes/FPS_Weapon_Bundle/Weapons/Materials/RDS/M_RDS_Glass.uasset" 127
"../../../../../PROJECT/Unreal Projects/Rough_Operation_ground/MainGame/Content/Meshes/FPS_Weapon_Bundle/Weapons/Materials/SMG11/M_SMG11.uasset" 128
"../../../../../PROJECT/Unreal Projects/Rough_Operation_ground/MainGame/Content/Meshes/FPS_Weapon_Bundle/Weapons/Materials/SMG11/M_SMG11_Camo.uasset" 129
"../../../../../PROJECT/Unreal Projects/Rough_Operation_ground/MainGame/Content/Meshes/FPS_Weapon_Bundle/Weapons/Materials/SMG11/M_SMG11_Color.uasset" 130
"../../../../../PROJECT/Unreal Projects/Rough_Operation_ground/MainGame/Content/Meshes/FPS_Weapon_Bundle/Weapons/Materials/SMG11/M_SMG11_Rem.uasset" 131
"../../../../../PROJECT/Unreal Projects/Rough_Operation_ground/MainGame/Content/Meshes/FPS_Weapon_Bundle/Weapons/Meshes/Accessories/SM_Scope_25x56_X.uasset" 132
"../../../../../PROJECT/Unreal Projects/Rough_Operation_ground/MainGame/Content/Meshes/FPS_Weapon_Bundle/Weapons/Meshes/Accessories/SM_Scope_25x56_Y.uasset" 133
"../../../../../PROJECT/Unreal Projects/Rough_Operation_ground/MainGame/Content/Meshes/FPS_Weapon_Bundle/Weapons/Meshes/Accessories/SM_Suppressor5.uasset" 134
"../../../../../PROJECT/Unreal Projects/Rough_Operation_ground/MainGame/Content/Meshes/FPS_Weapon_Bundle/Weapons/Meshes/Accessories/SM_T4_Sight.uasset" 135
"../../../../../PROJECT/Unreal Projects/Rough_Operation_ground/MainGame/Content/Meshes/FPS_Weapon_Bundle/Weapons/Meshes/Accessories/SM_Vertgrip.uasset" 136
"../../../../../PROJECT/Unreal Projects/Rough_Operation_ground/MainGame/Content/Meshes/FPS_Weapon_Bundle/Weapons/Meshes/Ammunition/SM_Shell_12Gauge.uasset" 137
"../../../../../PROJECT/Unreal Projects/Rough_Operation_ground/MainGame/Content/Meshes/FPS_Weapon_Bundle/Weapons/Meshes/Ammunition/SM_Shell_12Gauge_Empty.uasset" 138
"../../../../../PROJECT/Unreal Projects/Rough_Operation_ground/MainGame/Content/Meshes/FPS_Weapon_Bundle/Weapons/Meshes/Ammunition/SM_Shell_40mm_G.uasset" 139
"../../../../../PROJECT/Unreal Projects/Rough_Operation_ground/MainGame/Content/Meshes/FPS_Weapon_Bundle/Weapons/Meshes/Ammunition/SM_Shell_40mm_G_Empty.uasset" 140
"../../../../../PROJECT/Unreal Projects/Rough_Operation_ground/MainGame/Content/Meshes/FPS_Weapon_Bundle/Weapons/Meshes/Ammunition/SM_Shell_45ap.uasset" 141
"../../../../../PROJECT/Unreal Projects/Rough_Operation_ground/MainGame/Content/Meshes/FPS_Weapon_Bundle/Weapons/Meshes/Ammunition/SM_Shell_45ap_Empty.uasset" 142
"../../../../../PROJECT/Unreal Projects/Rough_Operation_ground/MainGame/Content/Meshes/FPS_Weapon_Bundle/Weapons/Meshes/Ammunition/SM_Shell_545x39.uasset" 143
"../../../../../PROJECT/Unreal Projects/Rough_Operation_ground/MainGame/Content/Meshes/FPS_Weapon_Bundle/Weapons/Meshes/Ammunition/SM_Shell_545x39_Empty.uasset" 144
"../../../../../PROJECT/Unreal Projects/Rough_Operation_ground/MainGame/Content/Meshes/FPS_Weapon_Bundle/Weapons/Meshes/Ammunition/SM_Shell_556x45.uasset" 145
"../../../../../PROJECT/Unreal Projects/Rough_Operation_ground/MainGame/Content/Meshes/FPS_Weapon_Bundle/Weapons/Meshes/Ammunition/SM_Shell_556x45_Empty.uasset" 146
"../../../../../PROJECT/Unreal Projects/Rough_Operation_ground/MainGame/Content/Meshes/FPS_Weapon_Bundle/Weapons/Meshes/Ammunition/SM_Shell_762x39.uasset" 147
"../../../../../PROJECT/Unreal Projects/Rough_Operation_ground/MainGame/Content/Meshes/FPS_Weapon_Bundle/Weapons/Meshes/Ammunition/SM_Shell_762x39_Empty.uasset" 148
"../../../../../PROJECT/Unreal Projects/Rough_Operation_ground/MainGame/Content/Meshes/FPS_Weapon_Bundle/Weapons/Meshes/Ammunition/SM_Shell_762x51.uasset" 149
"../../../../../PROJECT/Unreal Projects/Rough_Operation_ground/MainGame/Content/Meshes/FPS_Weapon_Bundle/Weapons/Meshes/Ammunition/SM_Shell_762x51_Empty.uasset" 150
"../../../../../PROJECT/Unreal Projects/Rough_Operation_ground/MainGame/Content/Meshes/FPS_Weapon_Bundle/Weapons/Meshes/Ammunition/SM_Shell_9mm.uasset" 151
"../../../../../PROJECT/Unreal Projects/Rough_Operation_ground/MainGame/Content/Meshes/FPS_Weapon_Bundle/Weapons/Meshes/Ammunition/SM_Shell_9mm_Empty.uasset" 152
"../../../../../PROJECT/Unreal Projects/Rough_Operation_ground/MainGame/Content/Meshes/FPS_Weapon_Bundle/Weapons/Meshes/Ammunition/SM_Shell_9x18.uasset" 153
"../../../../../PROJECT/Unreal Projects/Rough_Operation_ground/MainGame/Content/Meshes/FPS_Weapon_Bundle/Weapons/Meshes/Ammunition/SM_Shell_9x18_Empty.uasset" 154
"../../../../../PROJECT/Unreal Projects/Rough_Operation_ground/MainGame/Content/Meshes/FPS_Weapon_Bundle/Weapons/Meshes/AR4/SK_AR4.uasset" 155
"../../../../../PROJECT/Unreal Projects/Rough_Operation_ground/MainGame/Content/Meshes/FPS_Weapon_Bundle/Weapons/Meshes/AR4/SK_AR4_Physics.uasset" 156
"../../../../../PROJECT/Unreal Projects/Rough_Operation_ground/MainGame/Content/Meshes/FPS_Weapon_Bundle/Weapons/Meshes/AR4/SK_AR4_Skeleton.uasset" 157
"../../../../../PROJECT/Unreal Projects/Rough_Operation_ground/MainGame/Content/Meshes/FPS_Weapon_Bundle/Weapons/Meshes/AR4/SK_AR4_X.uasset" 158
"../../../../../PROJECT/Unreal Projects/Rough_Operation_ground/MainGame/Content/Meshes/FPS_Weapon_Bundle/Weapons/Meshes/AR4/SK_AR4_X_Physics.uasset" 159
"../../../../../PROJECT/Unreal Projects/Rough_Operation_ground/MainGame/Content/Meshes/FPS_Weapon_Bundle/Weapons/Meshes/AR4/SK_AR4_X_Skeleton.uasset" 160
"../../../../../PROJECT/Unreal Projects/Rough_Operation_ground/MainGame/Content/Meshes/FPS_Weapon_Bundle/Weapons/Meshes/AR4/SM_AR4_Mag.uasset" 161
"../../../../../PROJECT/Unreal Projects/Rough_Operation_ground/MainGame/Content/Meshes/FPS_Weapon_Bundle/Weapons/Meshes/AR4/SM_AR4_Mag_Empty.uasset" 162
"../../../../../PROJECT/Unreal Projects/Rough_Operation_ground/MainGame/Content/Meshes/FPS_Weapon_Bundle/Weapons/Meshes/AR4/SM_AR4_X.uasset" 163
"../../../../../PROJECT/Unreal Projects/Rough_Operation_ground/MainGame/Content/Meshes/FPS_Weapon_Bundle/Weapons/Meshes/G67_Grenade/SK_G67.uasset" 164
"../../../../../PROJECT/Unreal Projects/Rough_Operation_ground/MainGame/Content/Meshes/FPS_Weapon_Bundle/Weapons/Meshes/G67_Grenade/SK_G67_Physics.uasset" 165
"../../../../../PROJECT/Unreal Projects/Rough_Operation_ground/MainGame/Content/Meshes/FPS_Weapon_Bundle/Weapons/Meshes/G67_Grenade/SK_G67_Skeleton.uasset" 166
"../../../../../PROJECT/Unreal Projects/Rough_Operation_ground/MainGame/Content/Meshes/FPS_Weapon_Bundle/Weapons/Meshes/G67_Grenade/SK_G67_X.uasset" 167
"../../../../../PROJECT/Unreal Projects/Rough_Operation_ground/MainGame/Content/Meshes/FPS_Weapon_Bundle/Weapons/Meshes/G67_Grenade/SK_G67_X_Physics.uasset" 168
"../../../../../PROJECT/Unreal Projects/Rough_Operation_ground/MainGame/Content/Meshes/FPS_Weapon_Bundle/Weapons/Meshes/G67_Grenade/SK_G67_X_Skeleton.uasset" 169
"../../../../../PROJECT/Unreal Projects/Rough_Operation_ground/MainGame/Content/Meshes/FPS_Weapon_Bundle/Weapons/Meshes/G67_Grenade/SM_G67.uasset" 170
"../../../../../PROJECT/Unreal Projects/Rough_Operation_ground/MainGame/Content/Meshes/FPS_Weapon_Bundle/Weapons/Meshes/G67_Grenade/SM_G67_Thrown.uasset" 171
"../../../../../PROJECT/Unreal Projects/Rough_Operation_ground/MainGame/Content/Meshes/FPS_Weapon_Bundle/Weapons/Meshes/G67_Grenade/SM_G67_X.uasset" 172
"../../../../../PROJECT/Unreal Projects/Rough_Operation_ground/MainGame/Content/Meshes/FPS_Weapon_Bundle/Weapons/Meshes/Ka47/SK_KA47.uasset" 173
"../../../../../PROJECT/Unreal Projects/Rough_Operation_ground/MainGame/Content/Meshes/FPS_Weapon_Bundle/Weapons/Meshes/Ka47/SK_KA47_Physics.uasset" 174
"../../../../../PROJECT/Unreal Projects/Rough_Operation_ground/MainGame/Content/Meshes/FPS_Weapon_Bundle/Weapons/Meshes/Ka47/SK_KA47_Skeleton.uasset" 175
"../../../../../PROJECT/Unreal Projects/Rough_Operation_ground/MainGame/Content/Meshes/FPS_Weapon_Bundle/Weapons/Meshes/Ka47/SK_KA47_X.uasset" 176
"../../../../../PROJECT/Unreal Projects/Rough_Operation_ground/MainGame/Content/Meshes/FPS_Weapon_Bundle/Weapons/Meshes/Ka47/SK_KA47_X_Physics.uasset" 177
"../../../../../PROJECT/Unreal Projects/Rough_Operation_ground/MainGame/Content/Meshes/FPS_Weapon_Bundle/Weapons/Meshes/Ka47/SK_KA47_X_Skeleton.uasset" 178
"../../../../../PROJECT/Unreal Projects/Rough_Operation_ground/MainGame/Content/Meshes/FPS_Weapon_Bundle/Weapons/Materials/Ka47/M_KA47.uasset" 179
"../../../../../PROJECT/Unreal Projects/Rough_Operation_ground/MainGame/Content/Meshes/FPS_Weapon_Bundle/Weapons/Materials/Ka47/M_KA47_Gold.uasset" 180
"../../../../../PROJECT/Unreal Projects/Rough_Operation_ground/MainGame/Content/Meshes/FPS_Weapon_Bundle/Weapons/Meshes/Ka47/SM_KA47.uasset" 181
"../../../../../PROJECT/Unreal Projects/Rough_Operation_ground/MainGame/Content/Meshes/FPS_Weapon_Bundle/Weapons/Meshes/Ka47/SM_KA47_Mag.uasset" 182
"../../../../../PROJECT/Unreal Projects/Rough_Operation_ground/MainGame/Content/Meshes/FPS_Weapon_Bundle/Weapons/Meshes/Ka47/SM_KA47_Mag_Empty.uasset" 183
"../../../../../PROJECT/Unreal Projects/Rough_Operation_ground/MainGame/Content/Meshes/FPS_Weapon_Bundle/Weapons/Meshes/Ka47/SM_KA47_X.uasset" 184
"../../../../../PROJECT/Unreal Projects/Rough_Operation_ground/MainGame/Content/Meshes/FPS_Weapon_Bundle/Weapons/Meshes/KA74U/SK_KA74U_X.uasset" 185
"../../../../../PROJECT/Unreal Projects/Rough_Operation_ground/MainGame/Content/Meshes/FPS_Weapon_Bundle/Weapons/Meshes/KA74U/SK_KA74U_X_Physics.uasset" 186
"../../../../../PROJECT/Unreal Projects/Rough_Operation_ground/MainGame/Content/Meshes/FPS_Weapon_Bundle/Weapons/Meshes/KA74U/SK_KA74U_X_Skeleton.uasset" 187
"../../../../../PROJECT/Unreal Projects/Rough_Operation_ground/MainGame/Content/Meshes/FPS_Weapon_Bundle/Weapons/Meshes/KA74U/SK_KA74U_Y.uasset" 188
"../../../../../PROJECT/Unreal Projects/Rough_Operation_ground/MainGame/Content/Meshes/FPS_Weapon_Bundle/Weapons/Meshes/KA74U/SK_KA74U_Y_Physics.uasset" 189
"../../../../../PROJECT/Unreal Projects/Rough_Operation_ground/MainGame/Content/Meshes/FPS_Weapon_Bundle/Weapons/Meshes/KA74U/SK_KA74U_Y_Skeleton.uasset" 190
"../../../../../PROJECT/Unreal Projects/Rough_Operation_ground/MainGame/Content/Meshes/FPS_Weapon_Bundle/Weapons/Meshes/KA74U/SM_KA74U_Mag_Empty_X.uasset" 191
"../../../../../PROJECT/Unreal Projects/Rough_Operation_ground/MainGame/Content/Meshes/FPS_Weapon_Bundle/Weapons/Meshes/KA74U/SM_KA74U_Mag_Empty_Y.uasset" 192
"../../../../../PROJECT/Unreal Projects/Rough_Operation_ground/MainGame/Content/Meshes/FPS_Weapon_Bundle/Weapons/Meshes/KA74U/SM_KA74U_Mag_X.uasset" 193
"../../../../../PROJECT/Unreal Projects/Rough_Operation_ground/MainGame/Content/Meshes/FPS_Weapon_Bundle/Weapons/Meshes/KA74U/SM_KA74U_Mag_Y.uasset" 194
"../../../../../PROJECT/Unreal Projects/Rough_Operation_ground/MainGame/Content/Meshes/FPS_Weapon_Bundle/Weapons/Meshes/KA74U/SM_KA74U_X.uasset" 195
"../../../../../PROJECT/Unreal Projects/Rough_Operation_ground/MainGame/Content/Meshes/FPS_Weapon_Bundle/Weapons/Meshes/KA74U/SM_KA74U_Y.uasset" 196
"../../../../../PROJECT/Unreal Projects/Rough_Operation_ground/MainGame/Content/Meshes/FPS_Weapon_Bundle/Weapons/Meshes/KA_Val/SK_KA_Val_X.uasset" 197
"../../../../../PROJECT/Unreal Projects/Rough_Operation_ground/MainGame/Content/Meshes/FPS_Weapon_Bundle/Weapons/Meshes/KA_Val/SK_KA_Val_X_Physics.uasset" 198
"../../../../../PROJECT/Unreal Projects/Rough_Operation_ground/MainGame/Content/Meshes/FPS_Weapon_Bundle/Weapons/Meshes/KA_Val/SK_KA_Val_X_Skeleton.uasset" 199
"../../../../../PROJECT/Unreal Projects/Rough_Operation_ground/MainGame/Content/Meshes/FPS_Weapon_Bundle/Weapons/Meshes/KA_Val/SK_KA_Val_Y.uasset" 200
"../../../../../PROJECT/Unreal Projects/Rough_Operation_ground/MainGame/Content/Meshes/FPS_Weapon_Bundle/Weapons/Meshes/KA_Val/SK_KA_Val_Y_Physics.uasset" 201
"../../../../../PROJECT/Unreal Projects/Rough_Operation_ground/MainGame/Content/Meshes/FPS_Weapon_Bundle/Weapons/Meshes/KA_Val/SK_KA_Val_Y_Skeleton.uasset" 202
"../../../../../PROJECT/Unreal Projects/Rough_Operation_ground/MainGame/Content/Meshes/FPS_Weapon_Bundle/Weapons/Meshes/KA_Val/SM_KA_Val_MAG_Loaded_Y.uasset" 203
"../../../../../PROJECT/Unreal Projects/Rough_Operation_ground/MainGame/Content/Meshes/FPS_Weapon_Bundle/Weapons/Meshes/KA_Val/SM_KA_Val_Mag_X.uasset" 204
"../../../../../PROJECT/Unreal Projects/Rough_Operation_ground/MainGame/Content/Meshes/FPS_Weapon_Bundle/Weapons/Meshes/KA_Val/SM_KA_Val_Mag_Y.uasset" 205
"../../../../../PROJECT/Unreal Projects/Rough_Operation_ground/MainGame/Content/Meshes/FPS_Weapon_Bundle/Weapons/Meshes/KA_Val/SM_KA_Val_X.uasset" 206
"../../../../../PROJECT/Unreal Projects/Rough_Operation_ground/MainGame/Content/Meshes/FPS_Weapon_Bundle/Weapons/Meshes/KA_Val/SM_KA_Val_Y.uasset" 207
"../../../../../PROJECT/Unreal Projects/Rough_Operation_ground/MainGame/Content/Meshes/FPS_Weapon_Bundle/Weapons/Meshes/M9_Knife/SK_M9_Knife.uasset" 208
"../../../../../PROJECT/Unreal Projects/Rough_Operation_ground/MainGame/Content/Meshes/FPS_Weapon_Bundle/Weapons/Meshes/M9_Knife/SK_M9_Knife_Physics.uasset" 209
"../../../../../PROJECT/Unreal Projects/Rough_Operation_ground/MainGame/Content/Meshes/FPS_Weapon_Bundle/Weapons/Meshes/M9_Knife/SK_M9_Knife_Skeleton.uasset" 210
"../../../../../PROJECT/Unreal Projects/Rough_Operation_ground/MainGame/Content/Meshes/FPS_Weapon_Bundle/Weapons/Meshes/M9_Knife/SK_M9_Knife_X.uasset" 211
"../../../../../PROJECT/Unreal Projects/Rough_Operation_ground/MainGame/Content/Meshes/FPS_Weapon_Bundle/Weapons/Meshes/M9_Knife/SK_M9_Knife_X_Physics.uasset" 212
"../../../../../PROJECT/Unreal Projects/Rough_Operation_ground/MainGame/Content/Meshes/FPS_Weapon_Bundle/Weapons/Meshes/M9_Knife/SK_M9_Knife_X_Skeleton.uasset" 213
"../../../../../PROJECT/Unreal Projects/Rough_Operation_ground/MainGame/Content/Meshes/FPS_Weapon_Bundle/Weapons/Meshes/M9_Knife/SM_M9_Knife.uasset" 214
"../../../../../PROJECT/Unreal Projects/Rough_Operation_ground/MainGame/Content/Meshes/FPS_Weapon_Bundle/Weapons/Meshes/M9_Knife/SM_M9_Knife_X.uasset" 215
"../../../../../PROJECT/Unreal Projects/Rough_Operation_ground/MainGame/Content/Meshes/FPS_Weapon_Bundle/Weapons/Meshes/SMG11/SK_SMG11_Nostock_X.uasset" 216
"../../../../../PROJECT/Unreal Projects/Rough_Operation_ground/MainGame/Content/Meshes/FPS_Weapon_Bundle/Weapons/Meshes/SMG11/SK_SMG11_Nostock_X_Physics.uasset" 217
"../../../../../PROJECT/Unreal Projects/Rough_Operation_ground/MainGame/Content/Meshes/FPS_Weapon_Bundle/Weapons/Meshes/SMG11/SK_SMG11_Nostock_X_Skeleton.uasset" 218
"../../../../../PROJECT/Unreal Projects/Rough_Operation_ground/MainGame/Content/Meshes/FPS_Weapon_Bundle/Weapons/Meshes/SMG11/SK_SMG11_Nostock_Y.uasset" 219
"../../../../../PROJECT/Unreal Projects/Rough_Operation_ground/MainGame/Content/Meshes/FPS_Weapon_Bundle/Weapons/Meshes/SMG11/SK_SMG11_Nostock_Y_Physics.uasset" 220
"../../../../../PROJECT/Unreal Projects/Rough_Operation_ground/MainGame/Content/Meshes/FPS_Weapon_Bundle/Weapons/Meshes/SMG11/SK_SMG11_Nostock_Y_Skeleton.uasset" 221
"../../../../../PROJECT/Unreal Projects/Rough_Operation_ground/MainGame/Content/Meshes/FPS_Weapon_Bundle/Weapons/Meshes/SMG11/SK_SMG11_X.uasset" 222
"../../../../../PROJECT/Unreal Projects/Rough_Operation_ground/MainGame/Content/Meshes/FPS_Weapon_Bundle/Weapons/Meshes/SMG11/SK_SMG11_X_Physics.uasset" 223
"../../../../../PROJECT/Unreal Projects/Rough_Operation_ground/MainGame/Content/Meshes/FPS_Weapon_Bundle/Weapons/Meshes/SMG11/SK_SMG11_X_Skeleton.uasset" 224
"../../../../../PROJECT/Unreal Projects/Rough_Operation_ground/MainGame/Content/Meshes/FPS_Weapon_Bundle/Weapons/Meshes/SMG11/SK_SMG11_Y.uasset" 225
"../../../../../PROJECT/Unreal Projects/Rough_Operation_ground/MainGame/Content/Meshes/FPS_Weapon_Bundle/Weapons/Meshes/SMG11/SK_SMG11_Y_Physics.uasset" 226
"../../../../../PROJECT/Unreal Projects/Rough_Operation_ground/MainGame/Content/Meshes/FPS_Weapon_Bundle/Weapons/Meshes/SMG11/SK_SMG11_Y_Skeleton.uasset" 227
"../../../../../PROJECT/Unreal Projects/Rough_Operation_ground/MainGame/Content/Meshes/FPS_Weapon_Bundle/Weapons/Meshes/SMG11/SM_SMG11_Mag_Empty_X.uasset" 228
"../../../../../PROJECT/Unreal Projects/Rough_Operation_ground/MainGame/Content/Meshes/FPS_Weapon_Bundle/Weapons/Meshes/SMG11/SM_SMG11_Mag_Empty_Y.uasset" 229
"../../../../../PROJECT/Unreal Projects/Rough_Operation_ground/MainGame/Content/Meshes/FPS_Weapon_Bundle/Weapons/Meshes/SMG11/SM_SMG11_Mag_X.uasset" 230
"../../../../../PROJECT/Unreal Projects/Rough_Operation_ground/MainGame/Content/Meshes/FPS_Weapon_Bundle/Weapons/Meshes/SMG11/SM_SMG11_Nostock_X.uasset" 231
"../../../../../PROJECT/Unreal Projects/Rough_Operation_ground/MainGame/Content/Meshes/FPS_Weapon_Bundle/Weapons/Meshes/SMG11/SM_SMG11_X.uasset" 232
"../../../../../PROJECT/Unreal Projects/Rough_Operation_ground/MainGame/Content/Meshes/FPS_Weapon_Bundle/Weapons/Meshes/SMG11/SM_SMG11_Y.uasset" 233
"../../../../../PROJECT/Unreal Projects/Rough_Operation_ground/MainGame/Content/Meshes/FPS_Weapon_Bundle/Weapons/Textures/Accessories/T_Scope_25x56_ALB.uasset" 234
"../../../../../PROJECT/Unreal Projects/Rough_Operation_ground/MainGame/Content/Meshes/FPS_Weapon_Bundle/Weapons/Textures/Accessories/T_Scope_25x56_Lens_ALB.uasset" 235
"../../../../../PROJECT/Unreal Projects/Rough_Operation_ground/MainGame/Content/Meshes/FPS_Weapon_Bundle/Weapons/Textures/Accessories/T_Scope_25x56_Lens_M_MSK.uasset" 236
"../../../../../PROJECT/Unreal Projects/Rough_Operation_ground/MainGame/Content/Meshes/FPS_Weapon_Bundle/Weapons/Textures/Accessories/T_Scope_25x56_M_MSK.uasset" 237
"../../../../../PROJECT/Unreal Projects/Rough_Operation_ground/MainGame/Content/Meshes/FPS_Weapon_Bundle/Weapons/Textures/Accessories/T_Scope_25x56_NRM.uasset" 238
"../../../../../PROJECT/Unreal Projects/Rough_Operation_ground/MainGame/Content/Meshes/FPS_Weapon_Bundle/Weapons/Textures/Accessories/T_Suppressor5_ALB.uasset" 239
"../../../../../PROJECT/Unreal Projects/Rough_Operation_ground/MainGame/Content/Meshes/FPS_Weapon_Bundle/Weapons/Textures/Accessories/T_Suppressor5_M_MSK.uasset" 240
"../../../../../PROJECT/Unreal Projects/Rough_Operation_ground/MainGame/Content/Meshes/FPS_Weapon_Bundle/Weapons/Textures/Accessories/T_Suppressor5_NRM.uasset" 241
"../../../../../PROJECT/Unreal Projects/Rough_Operation_ground/MainGame/Content/Meshes/FPS_Weapon_Bundle/Weapons/Textures/Accessories/T_Tc4_ALB.uasset" 242
"../../../../../PROJECT/Unreal Projects/Rough_Operation_ground/MainGame/Content/Meshes/FPS_Weapon_Bundle/Weapons/Textures/Accessories/T_Tc4_M_MSK.uasset" 243
"../../../../../PROJECT/Unreal Projects/Rough_Operation_ground/MainGame/Content/Meshes/FPS_Weapon_Bundle/Weapons/Textures/Accessories/T_Tc4_NRM.uasset" 244
"../../../../../PROJECT/Unreal Projects/Rough_Operation_ground/MainGame/Content/Meshes/FPS_Weapon_Bundle/Weapons/Textures/Accessories/T_V_Grip_ALB.uasset" 245
"../../../../../PROJECT/Unreal Projects/Rough_Operation_ground/MainGame/Content/Meshes/FPS_Weapon_Bundle/Weapons/Textures/Accessories/T_V_Grip_M_MSK.uasset" 246
"../../../../../PROJECT/Unreal Projects/Rough_Operation_ground/MainGame/Content/Meshes/FPS_Weapon_Bundle/Weapons/Textures/Accessories/T_V_Grip_NRM.uasset" 247
"../../../../../PROJECT/Unreal Projects/Rough_Operation_ground/MainGame/Content/Meshes/FPS_Weapon_Bundle/Weapons/Textures/Ammunition/T_12Gauge_ALB.uasset" 248
"../../../../../PROJECT/Unreal Projects/Rough_Operation_ground/MainGame/Content/Meshes/FPS_Weapon_Bundle/Weapons/Textures/Ammunition/T_12Gauge_M_MSK.uasset" 249
"../../../../../PROJECT/Unreal Projects/Rough_Operation_ground/MainGame/Content/Meshes/FPS_Weapon_Bundle/Weapons/Textures/Ammunition/T_12Gauge_NRM.uasset" 250
"../../../../../PROJECT/Unreal Projects/Rough_Operation_ground/MainGame/Content/Meshes/FPS_Weapon_Bundle/Weapons/Textures/Ammunition/T_40mm_Grenade_ALB.uasset" 251
"../../../../../PROJECT/Unreal Projects/Rough_Operation_ground/MainGame/Content/Meshes/FPS_Weapon_Bundle/Weapons/Textures/Ammunition/T_40mm_Grenade_M_MSK.uasset" 252
"../../../../../PROJECT/Unreal Projects/Rough_Operation_ground/MainGame/Content/Meshes/FPS_Weapon_Bundle/Weapons/Textures/Ammunition/T_40mm_Grenade_NRM.uasset" 253
"../../../../../PROJECT/Unreal Projects/Rough_Operation_ground/MainGame/Content/Meshes/FPS_Weapon_Bundle/Weapons/Textures/Ammunition/T_45ap_ALB.uasset" 254
"../../../../../PROJECT/Unreal Projects/Rough_Operation_ground/MainGame/Content/Meshes/FPS_Weapon_Bundle/Weapons/Textures/Ammunition/T_45ap_M_MSK.uasset" 255
"../../../../../PROJECT/Unreal Projects/Rough_Operation_ground/MainGame/Content/Meshes/FPS_Weapon_Bundle/Weapons/Textures/Ammunition/T_45ap_NRM.uasset" 256
"../../../../../PROJECT/Unreal Projects/Rough_Operation_ground/MainGame/Content/Meshes/FPS_Weapon_Bundle/Weapons/Textures/Ammunition/T_762x39_ALB.uasset" 257
"../../../../../PROJECT/Unreal Projects/Rough_Operation_ground/MainGame/Content/Meshes/FPS_Weapon_Bundle/Weapons/Textures/Ammunition/T_762x39_M_MSK.uasset" 258
"../../../../../PROJECT/Unreal Projects/Rough_Operation_ground/MainGame/Content/Meshes/FPS_Weapon_Bundle/Weapons/Textures/Ammunition/T_762x39_NRM.uasset" 259
"../../../../../PROJECT/Unreal Projects/Rough_Operation_ground/MainGame/Content/Meshes/FPS_Weapon_Bundle/Weapons/Textures/Ammunition/T_9mm_ALB.uasset" 260
"../../../../../PROJECT/Unreal Projects/Rough_Operation_ground/MainGame/Content/Meshes/FPS_Weapon_Bundle/Weapons/Textures/Ammunition/T_9mm_M_MSK.uasset" 261
"../../../../../PROJECT/Unreal Projects/Rough_Operation_ground/MainGame/Content/Meshes/FPS_Weapon_Bundle/Weapons/Textures/Ammunition/T_9mm_NRM.uasset" 262
"../../../../../PROJECT/Unreal Projects/Rough_Operation_ground/MainGame/Content/Meshes/FPS_Weapon_Bundle/Weapons/Textures/Ammunition/T_9x18_ALB.uasset" 263
"../../../../../PROJECT/Unreal Projects/Rough_Operation_ground/MainGame/Content/Meshes/FPS_Weapon_Bundle/Weapons/Textures/Ammunition/T_9x18_M_MSK.uasset" 264
"../../../../../PROJECT/Unreal Projects/Rough_Operation_ground/MainGame/Content/Meshes/FPS_Weapon_Bundle/Weapons/Textures/Ammunition/T_9x18_NRM.uasset" 265
"../../../../../PROJECT/Unreal Projects/Rough_Operation_ground/MainGame/Content/Meshes/FPS_Weapon_Bundle/Weapons/Textures/AR4/T_AR4_ALB.uasset" 266
"../../../../../PROJECT/Unreal Projects/Rough_Operation_ground/MainGame/Content/Meshes/FPS_Weapon_Bundle/Weapons/Textures/AR4/T_AR4_M_MSK.uasset" 267
"../../../../../PROJECT/Unreal Projects/Rough_Operation_ground/MainGame/Content/Meshes/FPS_Weapon_Bundle/Weapons/Textures/AR4/T_AR4_NRM.uasset" 268
"../../../../../PROJECT/Unreal Projects/Rough_Operation_ground/MainGame/Content/Meshes/FPS_Weapon_Bundle/Weapons/Textures/G67_Grenade/T_G67_ALB.uasset" 269
"../../../../../PROJECT/Unreal Projects/Rough_Operation_ground/MainGame/Content/Meshes/FPS_Weapon_Bundle/Weapons/Textures/G67_Grenade/T_G67_M_MSK.uasset" 270
"../../../../../PROJECT/Unreal Projects/Rough_Operation_ground/MainGame/Content/Meshes/FPS_Weapon_Bundle/Weapons/Textures/G67_Grenade/T_G67_NRM.uasset" 271
"../../../../../PROJECT/Unreal Projects/Rough_Operation_ground/MainGame/Content/Meshes/FPS_Weapon_Bundle/Weapons/Textures/KA47/T_KA47_ALB.uasset" 272
"../../../../../PROJECT/Unreal Projects/Rough_Operation_ground/MainGame/Content/Meshes/FPS_Weapon_Bundle/Weapons/Textures/KA47/T_KA47_Gold_ALB.uasset" 273
"../../../../../PROJECT/Unreal Projects/Rough_Operation_ground/MainGame/Content/Meshes/FPS_Weapon_Bundle/Weapons/Textures/KA47/T_KA47_Gold_M_MSK.uasset" 274
"../../../../../PROJECT/Unreal Projects/Rough_Operation_ground/MainGame/Content/Meshes/FPS_Weapon_Bundle/Weapons/Textures/KA47/T_KA47_M_MSK.uasset" 275
"../../../../../PROJECT/Unreal Projects/Rough_Operation_ground/MainGame/Content/Meshes/FPS_Weapon_Bundle/Weapons/Textures/KA47/T_KA47_NRM.uasset" 276
"../../../../../PROJECT/Unreal Projects/Rough_Operation_ground/MainGame/Content/Meshes/FPS_Weapon_Bundle/Weapons/Textures/KA74U/T_KA74U_ALB.uasset" 277
"../../../../../PROJECT/Unreal Projects/Rough_Operation_ground/MainGame/Content/Meshes/FPS_Weapon_Bundle/Weapons/Textures/KA74U/T_KA74U_Gold_ALB.uasset" 278
"../../../../../PROJECT/Unreal Projects/Rough_Operation_ground/MainGame/Content/Meshes/FPS_Weapon_Bundle/Weapons/Textures/KA74U/T_KA74U_Gold_M_MSK.uasset" 279
"../../../../../PROJECT/Unreal Projects/Rough_Operation_ground/MainGame/Content/Meshes/FPS_Weapon_Bundle/Weapons/Textures/KA74U/T_KA74U_M_MSK.uasset" 280
"../../../../../PROJECT/Unreal Projects/Rough_Operation_ground/MainGame/Content/Meshes/FPS_Weapon_Bundle/Weapons/Textures/KA74U/T_KA74U_NRM.uasset" 281
"../../../../../PROJECT/Unreal Projects/Rough_Operation_ground/MainGame/Content/Meshes/FPS_Weapon_Bundle/Weapons/Textures/KA_Val/T_KA_Val_ALB.uasset" 282
"../../../../../PROJECT/Unreal Projects/Rough_Operation_ground/MainGame/Content/Meshes/FPS_Weapon_Bundle/Weapons/Textures/KA_Val/T_KA_Val_Black_ALB.uasset" 283
"../../../../../PROJECT/Unreal Projects/Rough_Operation_ground/MainGame/Content/Meshes/FPS_Weapon_Bundle/Weapons/Textures/KA_Val/T_KA_Val_M_MSK.uasset" 284
"../../../../../PROJECT/Unreal Projects/Rough_Operation_ground/MainGame/Content/Meshes/FPS_Weapon_Bundle/Weapons/Textures/KA_Val/T_KA_Val_NRM.uasset" 285
"../../../../../PROJECT/Unreal Projects/Rough_Operation_ground/MainGame/Content/Meshes/FPS_Weapon_Bundle/Weapons/Textures/M9_Knife/T_M9_ALB.uasset" 286
"../../../../../PROJECT/Unreal Projects/Rough_Operation_ground/MainGame/Content/Meshes/FPS_Weapon_Bundle/Weapons/Textures/M9_Knife/T_M9_M_MSK.uasset" 287
"../../../../../PROJECT/Unreal Projects/Rough_Operation_ground/MainGame/Content/Meshes/FPS_Weapon_Bundle/Weapons/Textures/M9_Knife/T_M9_NRM.uasset" 288
"../../../../../PROJECT/Unreal Projects/Rough_Operation_ground/MainGame/Content/Meshes/FPS_Weapon_Bundle/Weapons/Textures/Patterns/T_80s_Pattern.uasset" 289
"../../../../../PROJECT/Unreal Projects/Rough_Operation_ground/MainGame/Content/Meshes/FPS_Weapon_Bundle/Weapons/Textures/Patterns/T_Chochip_Pattern.uasset" 290
"../../../../../PROJECT/Unreal Projects/Rough_Operation_ground/MainGame/Content/Meshes/FPS_Weapon_Bundle/Weapons/Textures/Patterns/T_Cracks_Pattern.uasset" 291
"../../../../../PROJECT/Unreal Projects/Rough_Operation_ground/MainGame/Content/Meshes/FPS_Weapon_Bundle/Weapons/Textures/Patterns/T_Desert_Marpat_Pattern.uasset" 292
"../../../../../PROJECT/Unreal Projects/Rough_Operation_ground/MainGame/Content/Meshes/FPS_Weapon_Bundle/Weapons/Textures/Patterns/T_Hexagon_Glow_Pattern.uasset" 293
"../../../../../PROJECT/Unreal Projects/Rough_Operation_ground/MainGame/Content/Meshes/FPS_Weapon_Bundle/Weapons/Textures/Patterns/T_Hexagon_Pattern.uasset" 294
"../../../../../PROJECT/Unreal Projects/Rough_Operation_ground/MainGame/Content/Meshes/FPS_Weapon_Bundle/Weapons/Textures/Patterns/T_Ink_Pattern.uasset" 295
"../../../../../PROJECT/Unreal Projects/Rough_Operation_ground/MainGame/Content/Meshes/FPS_Weapon_Bundle/Weapons/Textures/Patterns/T_LeafSpray_Pattern.uasset" 296
"../../../../../PROJECT/Unreal Projects/Rough_Operation_ground/MainGame/Content/Meshes/FPS_Weapon_Bundle/Weapons/Textures/Patterns/T_Net01_Pattern.uasset" 297
"../../../../../PROJECT/Unreal Projects/Rough_Operation_ground/MainGame/Content/Meshes/FPS_Weapon_Bundle/Weapons/Textures/Patterns/T_Stripes__Pattern.uasset" 298
"../../../../../PROJECT/Unreal Projects/Rough_Operation_ground/MainGame/Content/Meshes/FPS_Weapon_Bundle/Weapons/Textures/Patterns/T_Urban_Marpat_Pattern.uasset" 299
"../../../../../PROJECT/Unreal Projects/Rough_Operation_ground/MainGame/Content/Meshes/FPS_Weapon_Bundle/Weapons/Textures/Patterns/T_W90K_Pattern.uasset" 300
"../../../../../PROJECT/Unreal Projects/Rough_Operation_ground/MainGame/Content/Meshes/FPS_Weapon_Bundle/Weapons/Textures/Patterns/T_W90_Pattern.uasset" 301
"../../../../../PROJECT/Unreal Projects/Rough_Operation_ground/MainGame/Content/Meshes/FPS_Weapon_Bundle/Weapons/Textures/Patterns/T_Wood_Marpat_Pattern.uasset" 302
"../../../../../PROJECT/Unreal Projects/Rough_Operation_ground/MainGame/Content/Meshes/FPS_Weapon_Bundle/Weapons/Textures/RDS/T_RDS_01.uasset" 303
"../../../../../PROJECT/Unreal Projects/Rough_Operation_ground/MainGame/Content/Meshes/FPS_Weapon_Bundle/Weapons/Textures/RDS/T_RDS_02.uasset" 304
"../../../../../PROJECT/Unreal Projects/Rough_Operation_ground/MainGame/Content/Meshes/FPS_Weapon_Bundle/Weapons/Textures/RDS/T_RDS_03.uasset" 305
"../../../../../PROJECT/Unreal Projects/Rough_Operation_ground/MainGame/Content/Meshes/FPS_Weapon_Bundle/Weapons/Textures/SMG11/T_SMG11_ALB.uasset" 306
"../../../../../PROJECT/Unreal Projects/Rough_Operation_ground/MainGame/Content/Meshes/FPS_Weapon_Bundle/Weapons/Textures/SMG11/T_SMG11_M_MSK.uasset" 307
"../../../../../PROJECT/Unreal Projects/Rough_Operation_ground/MainGame/Content/Meshes/FPS_Weapon_Bundle/Weapons/Textures/SMG11/T_SMG11_NRM.uasset" 308
"../../../../../PROJECT/Unreal Projects/Rough_Operation_ground/MainGame/Content/Meshes/FPS_Weapon_Bundle/Weapons/Textures/SMG11/T_SMG11_Rem_ALB.uasset" 309
"../../../../../PROJECT/Unreal Projects/Rough_Operation_ground/MainGame/Content/Meshes/FPS_Weapon_Bundle/Weapons/Textures/SMG11/T_SMG11_Rem_M_MSK.uasset" 310
"../../../../../PROJECT/Unreal Projects/Rough_Operation_ground/MainGame/Content/Meshes/FPS_Weapon_Bundle/Weapons/Textures/SMG11/T_SMG11_Rem_NRM.uasset" 311
"../../../Engine/Content/Animation/DefaultAnimCurveCompressionSettings.uasset" 312
"../../../Engine/Content/Functions/Engine_MaterialFunctions01/Opacity/CameraDepthFade.uasset" 313
"../../../Engine/Content/EngineMaterials/T_Default_Material_Grid_M.uasset" 314
"../../../Engine/Content/EngineMaterials/T_Default_Material_Grid_N.uasset" 315
"../../../Engine/Content/EngineMaterials/WorldGridMaterial.uasset" 316
"../../../Engine/Content/ArtTools/RenderToTexture/Meshes/S_1_Unit_Plane.uasset" 317
"../../../Engine/Content/EngineMaterials/DefaultMaterial.uasset" 318
"../../../Engine/Content/BasicShapes/Cone.uasset" 319
"../../../Engine/Content/BasicShapes/Cube.uasset" 320
"../../../Engine/Content/BasicShapes/Cylinder.uasset" 321
"../../../Engine/Content/BasicShapes/Plane.uasset" 322
"../../../Engine/Content/BasicShapes/Sphere.uasset" 323
"../../../Engine/Content/EditorLandscapeResources/DataLayer.uasset" 324
"../../../Engine/Content/EditorMaterials/GizmoMaterial.uasset" 325
"../../../Engine/Content/EditorMaterials/MAT_Groups_Toggle.uasset" 326
"../../../Engine/Content/EditorMaterials/MAT_Groups_Visibility.uasset" 327
"../../../Engine/Content/EditorMaterials/PreviewShadowIndicator.uasset" 328
"../../../Engine/Content/EditorMaterials/PreviewShadowIndicatorMaterial.uasset" 329
"../../../Engine/Content/EditorMaterials/MatineeGroups/MAT_ColorTrack.uasset" 330
"../../../Engine/Content/EditorMaterials/MatineeGroups/MAT_Groups_Anim.uasset" 331
"../../../Engine/Content/EditorMaterials/MatineeGroups/MAT_Groups_AudioMaster.uasset" 332
"../../../Engine/Content/EditorMaterials/MatineeGroups/MAT_Groups_Director.uasset" 333
"../../../Engine/Content/EditorMaterials/MatineeGroups/MAT_Groups_Event.uasset" 334
"../../../Engine/Content/EditorMaterials/MatineeGroups/MAT_Groups_Fade.uasset" 335
"../../../Engine/Content/EditorMaterials/MatineeGroups/MAT_Groups_Float.uasset" 336
"../../../Engine/Content/EditorMaterials/MatineeGroups/MAT_Groups_Move.uasset" 337
"../../../Engine/Content/EditorMaterials/MatineeGroups/MAT_Groups_Slomo.uasset" 338
"../../../Engine/Content/EditorMaterials/MatineeGroups/MAT_Groups_Sound.uasset" 339
"../../../Engine/Content/EditorMaterials/MatineeGroups/MAT_Groups_Vector.uasset" 340
"../../../Engine/Content/EditorMaterials/ParticleSystems/PSysThumbnail_NoImage.uasset" 341
"../../../Engine/Content/EditorMaterials/ParticleSystems/PSysThumbnail_OOD.uasset" 342
"../../../Engine/Content/EditorMaterials/Camera/CineMat.uasset" 343
"../../../Engine/Content/EditorMaterials/Camera/MI_CineMat_Rig.uasset" 344
"../../../Engine/Content/EditorMeshes/Camera/SM_CraneRig_Arm.uasset" 345
"../../../Engine/Content/EditorMeshes/Camera/SM_CraneRig_Base.uasset" 346
"../../../Engine/Content/EditorMeshes/Camera/SM_CraneRig_Body.uasset" 347
"../../../Engine/Content/EditorMeshes/Camera/SM_CraneRig_Mount.uasset" 348
"../../../Engine/Content/EditorMeshes/Camera/SM_RailRig_Mount.uasset" 349
"../../../Engine/Content/EditorMeshes/Camera/SM_RailRig_Track.uasset" 350
"../../../Engine/Content/EditorResources/BSPVertex.uasset" 351
"../../../Engine/Content/EditorResources/EmptyActor.uasset" 352
"../../../Engine/Content/EditorResources/S_Actor.uasset" 353
"../../../Engine/Content/EditorResources/S_Note.uasset" 354
"../../../Engine/Content/EditorResources/S_Solver.uasset" 355
"../../../Engine/Content/EditorResources/S_Trigger.uasset" 356
"../../../Engine/Content/EditorResources/LightIcons/S_LightError.uasset" 357
"../../../Engine/Content/EditorResources/SequenceRecorder/Countdown.uasset" 358
"../../../Engine/Content/EditorResources/SequenceRecorder/RecordingIndicator.uasset" 359
"../../../Engine/Content/EditorSounds/Notifications/CompileFailed.uasset" 360
"../../../Engine/Content/EditorSounds/Notifications/CompileFailed_Cue.uasset" 361
"../../../Engine/Content/EditorSounds/Notifications/CompileSuccess.uasset" 362
"../../../Engine/Content/EditorSounds/Notifications/CompileStart_Cue.uasset" 363
"../../../Engine/Content/EditorSounds/Notifications/CompileSuccess_Cue.uasset" 364
"../../../Engine/Content/EngineDamageTypes/DmgTypeBP_Environmental.uasset" 365
"../../../Engine/Content/EngineDebugMaterials/HeatmapGradient.uasset" 366
"../../../Engine/Content/EngineDebugMaterials/BoneWeightMaterial.uasset" 367
"../../../Engine/Content/EngineDebugMaterials/ClothMaterial.uasset" 368
"../../../Engine/Content/EngineDebugMaterials/ClothMaterial_WF.uasset" 369
"../../../Engine/Content/EngineDebugMaterials/DebugEditorMaterial.uasset" 370
"../../../Engine/Content/EngineDebugMaterials/DebugMeshMaterial.uasset" 371
"../../../Engine/Content/EngineDebugMaterials/GeomMaterial.uasset" 372
"../../../Engine/Content/EngineDebugMaterials/M_SimpleTranslucent.uasset" 373
"../../../Engine/Content/Functions/Engine_MaterialFunctions02/Utility/CameraDirectionVector.uasset" 374
"../../../Engine/Content/EngineDebugMaterials/VolumeToRender.uasset" 375
"../../../Engine/Content/EngineDebugMaterials/M_VolumeRenderSphereTracePP.uasset" 376
"../../../Engine/Content/EngineDebugMaterials/WireframeMaterial.uasset" 377
"../../../Engine/Content/EngineFonts/Faces/RobotoBold.uasset" 378
"../../../Engine/Content/EngineFonts/Faces/RobotoBoldItalic.uasset" 379
"../../../Engine/Content/EngineFonts/Faces/RobotoItalic.uasset" 380
"../../../Engine/Content/EngineFonts/Faces/RobotoLight.uasset" 381
"../../../Engine/Content/EngineFonts/Faces/RobotoRegular.uasset" 382
"../../../Engine/Content/EngineFonts/Roboto.uasset" 383
"../../../Engine/Content/EngineMaterials/BaseFlattenDiffuseMap.uasset" 384
"../../../Engine/Content/EngineMaterials/BaseFlattenEmissiveMap.uasset" 385
"../../../Engine/Content/EngineMaterials/BaseFlattenGrayscaleMap.uasset" 386
"../../../Engine/Content/EngineMaterials/BaseFlattenNormalMap.uasset" 387
"../../../Engine/Content/EngineMaterials/BaseFlattenMaterial.uasset" 388
"../../../Engine/Content/EngineMaterials/BlueNoise.uasset" 389
"../../../Engine/Content/EngineMaterials/DefaultBloomKernel.uasset" 390
"../../../Engine/Content/EngineMaterials/DefaultBokeh.uasset" 391
"../../../Engine/Content/EngineMaterials/DefaultDeferredDecalMaterial.uasset" 392
"../../../Engine/Content/EngineMaterials/DefaultLightFunctionMaterial.uasset" 393
"../../../Engine/Content/EngineMaterials/DefaultPhysicalMaterial.uasset" 394
"../../../Engine/Content/Functions/Engine_MaterialFunctions02/Utility/BreakOutFloat2Components.uasset" 395
"../../../Engine/Content/EngineMaterials/DefaultPostProcessMaterial.uasset" 396
"../../../Engine/Content/EngineFonts/RobotoDistanceField.uasset" 397
"../../../Engine/Content/EngineMaterials/DefaultTextMaterialOpaque.uasset" 398
"../../../Engine/Content/EngineMaterials/DefaultVirtualTextureMaterial.uasset" 399
"../../../Engine/Content/EngineMaterials/EditorBrushMaterial.uasset" 400
"../../../Engine/Content/EngineMaterials/DefaultWhiteGrid_Low.uasset" 401
"../../../Engine/Content/EngineMaterials/EmissiveMeshMaterial.uasset" 402
"../../../Engine/Content/EngineMaterials/Good64x64TilingNoiseHighFreq.uasset" 403
"../../../Engine/Content/EngineMaterials/MiniFont.uasset" 404
"../../../Engine/Content/EngineMaterials/InvalidLightmapSettings.uasset" 405
"../../../Engine/Content/EngineMaterials/M_InvalidLightmapSettings.uasset" 406
"../../../Engine/Content/Functions/Engine_MaterialFunctions02/WorldPositionOffset/CameraOffset.uasset" 407
"../../../Engine/Content/EngineMaterials/PhAT_JointLimitMaterial.uasset" 408
"../../../Engine/Content/EngineMaterials/PreintegratedSkinBRDF.uasset" 409
"../../../Engine/Content/EngineMaterials/RemoveSurfaceMaterial.uasset" 410
"../../../Engine/Content/EngineMaterials/WeightMapPlaceholderTexture.uasset" 411
"../../../Engine/Content/EngineResources/WhiteSquareTexture.uasset" 412
"../../../Engine/Content/EngineMaterials/Widget3DPassThrough.uasset" 413
"../../../Engine/Content/EngineMaterials/Widget3DPassThrough_Masked.uasset" 414
"../../../Engine/Content/EngineMaterials/Widget3DPassThrough_Opaque.uasset" 415
"../../../Engine/Content/EngineMaterials/Widget3DPassThrough_Masked_OneSided.uasset" 416
"../../../Engine/Content/EngineMaterials/Widget3DPassThrough_Opaque_OneSided.uasset" 417
"../../../Engine/Content/EngineMaterials/Widget3DPassThrough_Translucent.uasset" 418
"../../../Engine/Content/EngineMaterials/Widget3DPassThrough_Translucent_OneSided.uasset" 419
"../../../Engine/Content/EngineMeshes/Cylinder.uasset" 420
"../../../Engine/Content/EngineMeshes/Sphere.uasset" 421
"../../../Engine/Content/EngineResources/Black.uasset" 422
"../../../Engine/Content/EngineResources/DefaultTexture.uasset" 423
"../../../Engine/Content/EngineResources/DefaultTextureCube.uasset" 424
"../../../Engine/Content/EngineResources/DefaultVolumeTexture2D.uasset" 425
"../../../Engine/Content/EngineResources/DefaultVolumeTexture.uasset" 426
"../../../Engine/Content/EngineResources/GradientTexture0.uasset" 427
"../../../Engine/Content/EngineSounds/Master.uasset" 428
"../../../Engine/Content/Functions/Engine_MaterialFunctions01/Shading/ConvertFromDiffSpec.uasset" 429
"../../../Engine/Content/Functions/Engine_MaterialFunctions01/Shading/PowerToRoughness.uasset" 430
"../../../Engine/Content/Maps/Templates/Thumbnails/Default.uasset" 431
"../../../Engine/Content/Maps/Templates/Thumbnails/VR-Basic.uasset" 432
"../../../Engine/Content/MobileResources/T_MobileControls_texture.uasset" 433
"../../../Engine/Content/MobileResources/T_MobileMenu2.uasset" 434
"../../../Engine/Content/MobileResources/HUD/AnalogHat.uasset" 435
"../../../Engine/Content/MobileResources/HUD/VirtualJoystick_Background.uasset" 436
"../../../Engine/Content/MobileResources/HUD/VirtualJoystick_Thumb.uasset" 437
"../../../Engine/Content/MobileResources/HUD/DefaultVirtualJoysticks.uasset" 438
"../../../Engine/Content/MobileResources/HUD/LeftVirtualJoystickOnly.uasset" 439
"../../../Engine/Content/MobileResources/HUD/MobileHUDButton1_off.uasset" 440
"../../../Engine/Content/MobileResources/HUD/MobileHUDButton1_on.uasset" 441
"../../../Engine/Content/MobileResources/HUD/MobileHUDButton2_off.uasset" 442
"../../../Engine/Content/MobileResources/HUD/MobileHUDButton2_on.uasset" 443
"../../../Engine/Content/MobileResources/HUD/MobileHUDButton3.uasset" 444
"../../../Engine/Content/MobileResources/HUD/MobileHUDButtonFire.uasset" 445
"../../../Engine/Content/MobileResources/HUD/MobileHUDDirectionPad.uasset" 446
"../../../Engine/Content/MobileResources/HUD/MobileHUDDirectionPad2.uasset" 447
"../../../Engine/Content/MobileResources/HUD/MobileHUDDirectionPad3.uasset" 448
"../../../Engine/Content/MobileResources/HUD/MobileHUDDirectionStick.uasset" 449
"../../../Engine/Content/MobileResources/HUD/T_Castle_ThumbstickInner.uasset" 450
"../../../Engine/Content/MobileResources/HUD/T_Castle_ThumbstickOutter.uasset" 451
"../../../Engine/Content/Tutorial/ContentIntroCurve.uasset" 452
"../../../Engine/Content/Tutorial/Basics/LevelEditorAttract.uasset" 453
"../../../Engine/Content/VREditor/LaserPointer/VR_LaserPower_01.uasset" 454
"../../../Engine/Content/VREditor/TransformGizmo/TransformGizmoMaterial.uasset" 455
"../../../Engine/Content/VREditor/TransformGizmo/TranslucentTransformGizmoMaterial.uasset" 456
"../../../Engine/Content/VREditor/TransformGizmo/BoundingBoxCorner.uasset" 457
"../../../Engine/Content/VREditor/TransformGizmo/BoundingBoxEdge.uasset" 458
"../../../Engine/Content/VREditor/TransformGizmo/PlaneTranslationHandle.uasset" 459
"../../../Engine/Content/VREditor/TransformGizmo/Main.uasset" 460
"../../../Engine/Content/VREditor/TransformGizmo/Xray.uasset" 461
"../../../Engine/Content/VREditor/TransformGizmo/SM_Sequencer_Key.uasset" 462
"../../../Engine/Content/VREditor/TransformGizmo/SM_Sequencer_Node.uasset" 463
"../../Plugins/2D/Paper2D/Content/PlaceholderTextures/DummySpriteTexture.uasset" 464
"../../Plugins/2D/Paper2D/Content/DummySprite.uasset" 465
"../../Plugins/2D/Paper2D/Content/DefaultPaperTerrainMaterial.uasset" 466
"../../Plugins/2D/Paper2D/Content/DummySpriteTexture.uasset" 467
"../../Plugins/2D/Paper2D/Content/DefaultSpriteMaterial.uasset" 468
"../../Plugins/2D/Paper2D/Content/MaskedUnlitSpriteMaterial.uasset" 469
"../../Plugins/2D/Paper2D/Content/OpaqueUnlitSpriteMaterial.uasset" 470
"../../Plugins/Runtime/Oculus/OculusVR/Content/OculusMR_RenderTarget.uasset" 471
"../../../Engine/Content/Functions/Engine_MaterialFunctions02/Utility/BreakOutFloat4Components.uasset" 472
"../../../Engine/Content/Functions/Engine_MaterialFunctions02/Utility/MakeFloat3.uasset" 473
"../../Plugins/Runtime/Oculus/OculusVR/Content/Materials/OculusMR_ChromaKey.uasset" 474
"../../Plugins/Runtime/Oculus/OculusVR/Content/Materials/OculusMR_ChromaKey_Lit.uasset" 475
"../../Plugins/Runtime/Oculus/OculusVR/Content/Materials/OculusMR_OpaqueColoredMaterial.uasset" 476
"../../Plugins/Runtime/Oculus/OculusVR/Content/Materials/OculusMR_WhiteMaterial.uasset" 477
"../../../../../PROJECT/Unreal Projects/Rough_Operation_ground/MainGame/Content/AnimStarterPack/Crouch_Idle_Rifle_Hip.uasset" 478
"../../../../../PROJECT/Unreal Projects/Rough_Operation_ground/MainGame/Content/AnimStarterPack/Crouch_Idle_Rifle_Ironsights.uasset" 479
"../../../../../PROJECT/Unreal Projects/Rough_Operation_ground/MainGame/Content/AnimStarterPack/Crouch_Walk_Fwd_Rifle_Ironsights.uasset" 480
"../../../../../PROJECT/Unreal Projects/Rough_Operation_ground/MainGame/Content/AnimStarterPack/Equip_Pistol_Standing.uasset" 481
"../../../../../PROJECT/Unreal Projects/Rough_Operation_ground/MainGame/Content/AnimStarterPack/Fire_Rifle_Ironsights.uasset" 482
"../../../../../PROJECT/Unreal Projects/Rough_Operation_ground/MainGame/Content/AnimStarterPack/Hit_React_1.uasset" 483
"../../../../../PROJECT/Unreal Projects/Rough_Operation_ground/MainGame/Content/AnimStarterPack/Hit_React_2.uasset" 484
"../../../../../PROJECT/Unreal Projects/Rough_Operation_ground/MainGame/Content/AnimStarterPack/Hit_React_3.uasset" 485
"../../../../../PROJECT/Unreal Projects/Rough_Operation_ground/MainGame/Content/AnimStarterPack/Idle_Rifle_Hip_Break1.uasset" 486
"../../../../../PROJECT/Unreal Projects/Rough_Operation_ground/MainGame/Content/AnimStarterPack/Idle_Rifle_Hip_Break2.uasset" 487
"../../../../../PROJECT/Unreal Projects/Rough_Operation_ground/MainGame/Content/AnimStarterPack/Reload_Rifle_Hip.uasset" 488
"../../../Engine/Content/EngineSky/C_Sky_Cloud_Color.uasset" 489
"../../../Engine/Content/EngineSky/C_Sky_Horizon_Color.uasset" 490
"../../../Engine/Content/EngineSky/C_Sky_Zenith_Color.uasset" 491
"../../../Engine/Content/EngineSky/T_Sky_Blue.uasset" 492
"../../../Engine/Content/EngineSky/T_Sky_Clouds_M.uasset" 493
"../../../Engine/Content/EngineSky/T_Sky_Stars.uasset" 494
"../../../Engine/Content/EngineSky/M_Sky_Panning_Clouds2.uasset" 495
"../../../Engine/Content/EngineSky/SM_SkySphere.uasset" 496
"../../../Engine/Content/EngineSky/BP_Sky_Sphere.uasset" 497
"../../../Engine/Content/TemplateResources/M_Template_Master.uasset" 498
"../../../Engine/Content/TemplateResources/MI_Template_BaseGray_03_Metal.uasset" 499
"../../../Engine/Content/Functions/MaterialLayerFunctions/MatLayerBlend_AO.uasset" 500
"../../../../../PROJECT/Unreal Projects/Rough_Operation_ground/MainGame/Content/AnimStarterPack/UE4_Mannequin/Materials/MaterialLayers/T_ML_Rubber_Blue_01_D.uasset" 501
"../../../../../PROJECT/Unreal Projects/Rough_Operation_ground/MainGame/Content/AnimStarterPack/UE4_Mannequin/Materials/MaterialLayers/T_ML_Rubber_Blue_01_N.uasset" 502
"../../../../../PROJECT/Unreal Projects/Rough_Operation_ground/MainGame/Content/AnimStarterPack/UE4_Mannequin/Materials/MaterialLayers/ML_GlossyBlack_Latex_UE4.uasset" 503
"../../../../../PROJECT/Unreal Projects/Rough_Operation_ground/MainGame/Content/AnimStarterPack/UE4_Mannequin/Materials/MaterialLayers/ML_Plastic_Shiny_Beige.uasset" 504
"../../../../../PROJECT/Unreal Projects/Rough_Operation_ground/MainGame/Content/AnimStarterPack/UE4_Mannequin/Textures/UE4_LOGO_CARD.uasset" 505
"../../../../../PROJECT/Unreal Projects/Rough_Operation_ground/MainGame/Content/AnimStarterPack/UE4_Mannequin/Materials/MaterialLayers/ML_Plastic_Shiny_Beige_LOGO.uasset" 506
"../../../../../PROJECT/Unreal Projects/Rough_Operation_ground/MainGame/Content/AnimStarterPack/UE4_Mannequin/Materials/MaterialLayers/T_ML_Aluminum01.uasset" 507
"../../../../../PROJECT/Unreal Projects/Rough_Operation_ground/MainGame/Content/AnimStarterPack/UE4_Mannequin/Materials/MaterialLayers/T_ML_Aluminum01_N.uasset" 508
"../../../../../PROJECT/Unreal Projects/Rough_Operation_ground/MainGame/Content/AnimStarterPack/UE4_Mannequin/Materials/MaterialLayers/ML_SoftMetal_UE4.uasset" 509
"../../../../../PROJECT/Unreal Projects/Rough_Operation_ground/MainGame/Content/AnimStarterPack/UE4_Mannequin/Textures/UE4_Mannequin__normals.uasset" 510
"../../../../../PROJECT/Unreal Projects/Rough_Operation_ground/MainGame/Content/AnimStarterPack/UE4_Mannequin/Textures/UE4_Mannequin_MAT_MASKA.uasset" 511
"../../../../../PROJECT/Unreal Projects/Rough_Operation_ground/MainGame/Content/AnimStarterPack/UE4_Mannequin/Textures/UE4_Mannequin_occlusion_Mobile.uasset" 512
"../../../../../PROJECT/Unreal Projects/Rough_Operation_ground/MainGame/Content/AnimStarterPack/UE4_Mannequin/Materials/M_UE4Man_Body.uasset" 513
"../../../../../PROJECT/Unreal Projects/Rough_Operation_ground/MainGame/Content/AnimStarterPack/UE4_Mannequin/Textures/UE4Man_Logo_N.uasset" 514
"../../../../../PROJECT/Unreal Projects/Rough_Operation_ground/MainGame/Content/AnimStarterPack/UE4_Mannequin/Materials/M_UE4Man_ChestLogo.uasset" 515
"../../../../../PROJECT/Unreal Projects/Rough_Operation_ground/MainGame/Content/AnimStarterPack/UE4_Mannequin/Mesh/SK_Mannequin_PhysicsAsset.uasset" 516
"../../../../../PROJECT/Unreal Projects/Rough_Operation_ground/MainGame/Content/AnimStarterPack/UE4_Mannequin/Mesh/SK_Mannequin.uasset" 517
"../../../../../PROJECT/Unreal Projects/Rough_Operation_ground/MainGame/Content/AnimStarterPack/Showcase.umap" 518
"../../../../../PROJECT/Unreal Projects/Rough_Operation_ground/MainGame/Content/AnimStarterPack/Death_1.uasset" 519
"../../../../../PROJECT/Unreal Projects/Rough_Operation_ground/MainGame/Content/AnimStarterPack/Idle_Rifle_Hip.uasset" 520
"../../../../../PROJECT/Unreal Projects/Rough_Operation_ground/MainGame/Content/AnimStarterPack/Jump_From_Jog.uasset" 521
"../../../../../PROJECT/Unreal Projects/Rough_Operation_ground/MainGame/Content/AnimStarterPack/Jump_From_Stand.uasset" 522
"../../../../../PROJECT/Unreal Projects/Rough_Operation_ground/MainGame/Content/AnimStarterPack/Crouch_Walk_Bwd_Rifle_Hip.uasset" 523
"../../../../../PROJECT/Unreal Projects/Rough_Operation_ground/MainGame/Content/AnimStarterPack/Crouch_Walk_Fwd_Rifle_Hip.uasset" 524
"../../../../../PROJECT/Unreal Projects/Rough_Operation_ground/MainGame/Content/AnimStarterPack/Crouch_Walk_Lt_Rifle_Hip.uasset" 525
"../../../../../PROJECT/Unreal Projects/Rough_Operation_ground/MainGame/Content/AnimStarterPack/Crouch_Walk_Rt_Rifle_Hip.uasset" 526
"../../../../../PROJECT/Unreal Projects/Rough_Operation_ground/MainGame/Content/AnimStarterPack/BS_CrouchWalk.uasset" 527
"../../../../../PROJECT/Unreal Projects/Rough_Operation_ground/MainGame/Content/AnimStarterPack/Jog_Bwd_Rifle.uasset" 528
"../../../../../PROJECT/Unreal Projects/Rough_Operation_ground/MainGame/Content/AnimStarterPack/Jog_Fwd_Rifle.uasset" 529
"../../../../../PROJECT/Unreal Projects/Rough_Operation_ground/MainGame/Content/AnimStarterPack/BS_Jog.uasset" 530
"../../../../../PROJECT/Unreal Projects/Rough_Operation_ground/MainGame/Content/AnimStarterPack/Ue4ASP_Character.uasset" 531
"../../../../../PROJECT/Unreal Projects/Rough_Operation_ground/MainGame/Content/AnimStarterPack/UE4ASP_HeroTPP_AnimBlueprint.uasset" 532
"../../../../../PROJECT/Unreal Projects/Rough_Operation_ground/MainGame/Content/Assets/Player/MCharacter_BP.uasset" 533
"../../../../../PROJECT/Unreal Projects/Rough_Operation_ground/MainGame/Content/Assets/Widgets/PickUpCall.uasset" 534
"../../../../../PROJECT/Unreal Projects/Rough_Operation_ground/MainGame/Content/Assets/GameModes/MyMainGameGameModeBase_BP.uasset" 535
"../../../../../PROJECT/Unreal Projects/Rough_Operation_ground/MainGame/Content/Meshes/FPS_Weapon_Bundle/Weapons/Meshes/AR4/SM_AR4.uasset" 536
"../../../../../PROJECT/Unreal Projects/Rough_Operation_ground/MainGame/Content/Assets/WeaponsLaunchers/MWeapon_BP.uasset" 537
"../../../../../PROJECT/Unreal Projects/Rough_Operation_ground/MainGame/Content/Levels/BaseMap_BuiltData.uasset" 538
"../../../../../PROJECT/Unreal Projects/Rough_Operation_ground/MainGame/Content/Megascans/Master_Materials/Standard_MasterMaterial.uasset" 539
"../../../../../PROJECT/Unreal Projects/Rough_Operation_ground/MainGame/Content/Megascans/3D_Asset/01_Rusted_Metal_Barrel_tewscfuda/tewscfuda_2K_Albedo.uasset" 540
"../../../../../PROJECT/Unreal Projects/Rough_Operation_ground/MainGame/Content/Megascans/3D_Asset/01_Rusted_Metal_Barrel_tewscfuda/tewscfuda_2K_Displacement.uasset" 541
"../../../../../PROJECT/Unreal Projects/Rough_Operation_ground/MainGame/Content/Megascans/3D_Asset/01_Rusted_Metal_Barrel_tewscfuda/tewscfuda_2K_Normal_LOD3.uasset" 542
"../../../../../PROJECT/Unreal Projects/Rough_Operation_ground/MainGame/Content/Megascans/3D_Asset/01_Rusted_Metal_Barrel_tewscfuda/tewscfuda_2K_Roughness.uasset" 543
"../../../../../PROJECT/Unreal Projects/Rough_Operation_ground/MainGame/Content/Megascans/3D_Asset/01_Rusted_Metal_Barrel_tewscfuda/01_Rusted_Metal_Barrel_tewscfuda_2K_inst.uasset" 544
"../../../../../PROJECT/Unreal Projects/Rough_Operation_ground/MainGame/Content/Megascans/3D_Asset/01_Rusted_Metal_Barrel_tewscfuda/wdwd.uasset" 545
"../../../Engine/Content/MapTemplates/SM_Template_Map_Floor.uasset" 546
"../../../../../PROJECT/Unreal Projects/Rough_Operation_ground/MainGame/Content/Megascans/3D_Asset/01_Rusted_Metal_Barrel_tewscfuda/tewscfuda_LOD3.uasset" 547
"../../../../../PROJECT/Unreal Projects/Rough_Operation_ground/MainGame/Content/Meshes/FPS_Weapon_Bundle/Weapons/Meshes/SMG11/SM_SMG11_Nostock_Y.uasset" 548
"../../../../../PROJECT/Unreal Projects/Rough_Operation_ground/MainGame/Content/Levels/BaseMap.umap" 549
"../../../../../PROJECT/Unreal Projects/Rough_Operation_ground/MainGame/Content/Meshes/FPS_Weapon_Bundle/Maps/Weapons_Showcase.umap" 550
"../../../Engine/Content/Maps/Entry_BuiltData.uasset" 551
"../../../Engine/Content/Maps/Entry.umap" 552
